Removed Pin From Net: NetName=VCC Pin=U2-1
Removed Pin From Net: NetName=Q8 Pin=U2-2
Removed Pin From Net: NetName=C8 Pin=U2-3
Removed Pin From Net: NetName=Q7 Pin=U2-4
Removed Pin From Net: NetName=C7 Pin=U2-5
Removed Pin From Net: NetName=Q6 Pin=U2-6
Removed Pin From Net: NetName=C6 Pin=U2-7
Removed Pin From Net: NetName=GND Pin=U2-8
Removed Pin From Net: NetName=C5 Pin=U2-9
Removed Pin From Net: NetName=Q5 Pin=U2-10
Removed Pin From Net: NetName=C3 Pin=U2-11
Removed Pin From Net: NetName=Q3 Pin=U2-12
Removed Pin From Net: NetName=Q4 Pin=U3-2
Removed Pin From Net: NetName=C4 Pin=U3-3
Removed Pin From Net: NetName=Q2 Pin=U3-4
Removed Pin From Net: NetName=C2 Pin=U3-5
Removed Pin From Net: NetName=Q1 Pin=U3-6
Removed Pin From Net: NetName=C1 Pin=U3-7
Removed Pin From Net: NetName=C0 Pin=U3-9
Removed Pin From Net: NetName=NetR11_2 Pin=U3-10
Removed Pin From Net: NetName=NetR18_1 Pin=U3-11
Removed Pin From Net: NetName=ST/SP Pin=U3-12
Removed Pin From Net: NetName=VCC Pin=U4-1
Removed Pin From Net: NetName=Q9 Pin=U4-2
Removed Pin From Net: NetName=C9 Pin=U4-3
Removed Pin From Net: NetName=NetR12_2 Pin=U4-4
Removed Pin From Net: NetName=C0 Pin=U4-5
Removed Pin From Net: NetName=GND Pin=U4-8
Removed Pin From Net: NetName=Q0 Pin=U7-1
Removed Pin From Net: NetName=Q1 Pin=U7-2
Removed Pin From Net: NetName=AND0 Pin=U7-3
Removed Pin From Net: NetName=Q2 Pin=U7-4
Removed Pin From Net: NetName=Q3 Pin=U7-5
Removed Pin From Net: NetName=AND1 Pin=U7-6
Removed Pin From Net: NetName=AND3 Pin=U7-8
Removed Pin From Net: NetName=Q4 Pin=U7-9
Removed Pin From Net: NetName=Q5 Pin=U7-10
Removed Pin From Net: NetName=AND4 Pin=U7-11
Removed Pin From Net: NetName=Q6 Pin=U7-12
Removed Pin From Net: NetName=Q7 Pin=U7-13
Removed Pin From Net: NetName=AND0 Pin=U9-1
Removed Pin From Net: NetName=AND1 Pin=U9-2
Removed Pin From Net: NetName=AND2 Pin=U9-3
Removed Pin From Net: NetName=AND3 Pin=U9-4
Removed Pin From Net: NetName=AND4 Pin=U9-5
Removed Pin From Net: NetName=AND5 Pin=U9-6
Removed Member From Class: ClassName=Buffer_5Bits Member=U3
Removed Member From Class: ClassName=Buffer_5Bits Member=U4
Change Component Footprint: Designator=U2 Old Footprint=DIP16 New Footprint=D014_N
Change Component Comment : Designator=U2 Old Comment=M54HC4050F1R New Comment=SN74F00D
Added Component: Designator=U5(D014_N)
Added Component: Designator=U10(D014_N)
Added Pin To Net: NetName=C4 Pin=U2-1
Added Pin To Net: NetName=C4 Pin=U2-2
Added Pin To Net: NetName=Q4 Pin=U2-3
Added Pin To Net: NetName=C2 Pin=U2-4
Added Pin To Net: NetName=C2 Pin=U2-5
Added Pin To Net: NetName=Q2 Pin=U2-6
Added Pin To Net: NetName=GND Pin=U2-7
Added Pin To Net: NetName=Q1 Pin=U2-8
Added Pin To Net: NetName=C1 Pin=U2-9
Added Pin To Net: NetName=C1 Pin=U2-10
Added Pin To Net: NetName=NetR11_2 Pin=U2-11
Added Pin To Net: NetName=C0 Pin=U2-12
Added Pin To Net: NetName=C0 Pin=U2-13
Added Pin To Net: NetName=VCC Pin=U2-14
Added Pin To Net: NetName=ST/SP Pin=U3-2
Added Pin To Net: NetName=NetR18_1 Pin=U3-3
Added Pin To Net: NetName=C6 Pin=U5-1
Added Pin To Net: NetName=C6 Pin=U5-2
Added Pin To Net: NetName=Q6 Pin=U5-3
Added Pin To Net: NetName=C5 Pin=U5-4
Added Pin To Net: NetName=C5 Pin=U5-5
Added Pin To Net: NetName=Q5 Pin=U5-6
Added Pin To Net: NetName=GND Pin=U5-7
Added Pin To Net: NetName=Q3 Pin=U5-8
Added Pin To Net: NetName=C3 Pin=U5-9
Added Pin To Net: NetName=C3 Pin=U5-10
Added Pin To Net: NetName=NetR12_2 Pin=U5-11
Added Pin To Net: NetName=C0 Pin=U5-12
Added Pin To Net: NetName=C0 Pin=U5-13
Added Pin To Net: NetName=VCC Pin=U5-14
Added Pin To Net: NetName=Q6 Pin=U7-1
Added Pin To Net: NetName=Q7 Pin=U7-2
Added Pin To Net: NetName=AND4 Pin=U7-3
Added Pin To Net: NetName=Q4 Pin=U7-4
Added Pin To Net: NetName=Q5 Pin=U7-5
Added Pin To Net: NetName=AND3 Pin=U7-6
Added Pin To Net: NetName=AND1 Pin=U7-8
Added Pin To Net: NetName=Q2 Pin=U7-9
Added Pin To Net: NetName=Q3 Pin=U7-10
Added Pin To Net: NetName=AND0 Pin=U7-11
Added Pin To Net: NetName=Q0 Pin=U7-12
Added Pin To Net: NetName=Q1 Pin=U7-13
Added Pin To Net: NetName=AND3 Pin=U9-1
Added Pin To Net: NetName=AND4 Pin=U9-2
Added Pin To Net: NetName=AND5 Pin=U9-3
Added Pin To Net: NetName=AND0 Pin=U9-4
Added Pin To Net: NetName=AND1 Pin=U9-5
Added Pin To Net: NetName=AND2 Pin=U9-6
Added Pin To Net: NetName=C9 Pin=U10-1
Added Pin To Net: NetName=C9 Pin=U10-2
Added Pin To Net: NetName=Q9 Pin=U10-3
Added Pin To Net: NetName=C8 Pin=U10-4
Added Pin To Net: NetName=C8 Pin=U10-5
Added Pin To Net: NetName=Q8 Pin=U10-6
Added Pin To Net: NetName=GND Pin=U10-7
Added Pin To Net: NetName=Q7 Pin=U10-8
Added Pin To Net: NetName=C7 Pin=U10-9
Added Pin To Net: NetName=C7 Pin=U10-10
Added Pin To Net: NetName=VCC Pin=U10-14
Added Member To Class: ClassName=logica arranque Member=Component U3 M54HC4049F1R
Added Member To Class: ClassName=Buffer_5Bits Member=Component U5 SN74F08D
Added Member To Class: ClassName=Buffer_5Bits Member=Component U10 SN74F08D
