Removed Pin From Net: NetName=GND Pin=R18-2
Removed Pin From Net: NetName=GND Pin=R19-1
Removed Pin From Net: NetName=GND Pin=R20-2
Removed Pin From Net: NetName=GND Pin=R21-1
Removed Pin From Net: NetName=GND Pin=R22-1
Removed Pin From Net: NetName=GND Pin=R23-2
Removed Pin From Net: NetName=GND Pin=R24-1
Removed Pin From Net: NetName=GND Pin=R25-1
Removed Pin From Net: NetName=VCC Pin=Start-1
Removed Pin From Net: NetName=VCC Pin=Start-3
Removed Pin From Net: NetName=VCC Pin=Stop-1
Removed Pin From Net: NetName=VCC Pin=Stop-3
Removed Pin From Net: NetName=GND Pin=U6-3
Removed Pin From Net: NetName=GND Pin=U6-5
Removed Pin From Net: NetName=GND Pin=U6-6
Removed Pin From Net: NetName=GND Pin=U6-8
Removed Pin From Net: NetName=GND Pin=U6-10
Removed Pin From Net: NetName=GND Pin=U6-11
Removed Pin From Net: NetName=GND Pin=U6-13
Removed Pin From Net: NetName=VCC Pin=U6-16
Removed Member From Class: ClassName=base_tiempo Member=Start
Removed Member From Class: ClassName=base_tiempo Member=Stop
Added Component: Designator=calib(SMB_V-RJ45)
Added Pin To Net: NetName=GND Pin=calib-2
Added Pin To Net: NetName=GND Pin=calib-2
Added Pin To Net: NetName=GND Pin=calib-2
Added Pin To Net: NetName=GND Pin=calib-2
Added Pin To Net: NetName=Netcalib_1 Pin=calib-1
Added Pin To Net: NetName=Netcalib_1 Pin=jumper 1-1
Added Net: Name=Netcalib_1
Added Member To Class: ClassName=base_tiempo Member=Component calib SMB
