Removed Pin From Net: NetName=AND2 Pin=U7-8
Removed Pin From Net: NetName=AND0 Pin=U7-9
Removed Pin From Net: NetName=AND1 Pin=U7-10
Removed Pin From Net: NetName=Netfout_1 Pin=U7-11
Removed Pin From Net: NetName=10KHZ Pin=U7-12
Removed Pin From Net: NetName=Netjumper 1_2 Pin=U7-13
Removed Pin From Net: NetName=Q4 Pin=U8-1
Removed Pin From Net: NetName=Q5 Pin=U8-2
Removed Pin From Net: NetName=AND3 Pin=U8-3
Removed Pin From Net: NetName=Q6 Pin=U8-4
Removed Pin From Net: NetName=Q7 Pin=U8-5
Removed Pin From Net: NetName=AND4 Pin=U8-6
Removed Pin From Net: NetName=AND3 Pin=U8-9
Removed Pin From Net: NetName=AND4 Pin=U8-10
Removed Pin From Net: NetName=AND6 Pin=U8-11
Removed Pin From Net: NetName=AND2 Pin=U8-12
Removed Pin From Net: NetName=Q8 Pin=U9-1
Removed Pin From Net: NetName=Q9 Pin=U9-2
Removed Pin From Net: NetName=AND7 Pin=U9-3
Removed Pin From Net: NetName=AND7 Pin=U9-4
Removed Pin From Net: NetName=VCC Pin=U9-5
Removed Pin From Net: NetName=AND8 Pin=U9-6
Removed Pin From Net: NetName=AND9 Pin=U9-8
Removed Pin From Net: NetName=AND8 Pin=U9-9
Removed Pin From Net: NetName=VCC Pin=U9-10
Removed Pin From Net: NetName=10KHZ Pin=U9-11
Removed Pin From Net: NetName=AND6 Pin=U9-12
Removed Pin From Net: NetName=AND9 Pin=U9-13
Added Pin To Net: NetName=AND3 Pin=U7-8
Added Pin To Net: NetName=Q4 Pin=U7-9
Added Pin To Net: NetName=Q5 Pin=U7-10
Added Pin To Net: NetName=AND4 Pin=U7-11
Added Pin To Net: NetName=Q6 Pin=U7-12
Added Pin To Net: NetName=Q7 Pin=U7-13
Added Pin To Net: NetName=Q8 Pin=U8-1
Added Pin To Net: NetName=Q9 Pin=U8-2
Added Pin To Net: NetName=AND7 Pin=U8-3
Added Pin To Net: NetName=AND7 Pin=U8-4
Added Pin To Net: NetName=VCC Pin=U8-5
Added Pin To Net: NetName=AND8 Pin=U8-6
Added Pin To Net: NetName=AND8 Pin=U8-9
Added Pin To Net: NetName=VCC Pin=U8-10
Added Pin To Net: NetName=10KHZ Pin=U8-11
Added Pin To Net: NetName=AND6 Pin=U8-12
Added Pin To Net: NetName=AND0 Pin=U9-1
Added Pin To Net: NetName=AND1 Pin=U9-2
Added Pin To Net: NetName=AND2 Pin=U9-3
Added Pin To Net: NetName=AND3 Pin=U9-4
Added Pin To Net: NetName=AND4 Pin=U9-5
Added Pin To Net: NetName=AND9 Pin=U9-6
Added Pin To Net: NetName=AND6 Pin=U9-8
Added Pin To Net: NetName=AND2 Pin=U9-9
Added Pin To Net: NetName=AND9 Pin=U9-10
Added Pin To Net: NetName=Netfout_1 Pin=U9-11
Added Pin To Net: NetName=10KHZ Pin=U9-12
Added Pin To Net: NetName=Netjumper 1_2 Pin=U9-13
Change Net Name : Old Net Name=AND5 New Net Name=AND9
Change Net Name : Old Net Name=AND9 New Net Name=AND5
