Removed Pin From Net: NetName=GND Pin=R1-1
Removed Pin From Net: NetName=GND Pin=R2-1
Removed Pin From Net: NetName=GND Pin=R3-1
Removed Pin From Net: NetName=GND Pin=R4-1
Removed Pin From Net: NetName=GND Pin=R5-1
Removed Pin From Net: NetName=GND Pin=R6-1
Removed Pin From Net: NetName=GND Pin=R7-1
Removed Pin From Net: NetName=GND Pin=R8-1
Removed Pin From Net: NetName=GND Pin=R9-1
Removed Pin From Net: NetName=GND Pin=R10-1
Removed Pin From Net: NetName=GND Pin=R11-2
Removed Pin From Net: NetName=GND Pin=R12-2
Removed Pin From Net: NetName=GND Pin=R13-2
Removed Pin From Net: NetName=GND Pin=R14-2
Removed Pin From Net: NetName=GND Pin=R15-2
Removed Pin From Net: NetName=NetR11_1 Pin=U1-2
Removed Pin From Net: NetName=NetR18_1 Pin=U3-14
Removed Pin From Net: NetName=ST/SP Pin=U3-15
Removed Pin From Net: NetName=VCC Pin=U4-2
Removed Pin From Net: NetName=GND Pin=U4-7
Removed Pin From Net: NetName=VCC Pin=U4-14
Removed Pin From Net: NetName=VCC Pin=U5-2
Removed Pin From Net: NetName=GND Pin=U5-7
Removed Pin From Net: NetName=RST Pin=U5-8
Removed Pin From Net: NetName=ST/SP Pin=U5-10
Removed Pin From Net: NetName=VCC Pin=U5-14
Removed Member From Class: ClassName=base_tiempo Member=R11
Removed Member From Class: ClassName=base_tiempo Member=R12
Removed Member From Class: ClassName=base_tiempo Member=R13
Removed Member From Class: ClassName=base_tiempo Member=R14
Removed Member From Class: ClassName=base_tiempo Member=R15
Removed Member From Class: ClassName=AND_5_Entradas Member=U4
Removed Member From Class: ClassName=AND_5_Entradas Member=U5
Change Component Footprint: Designator=U4 Old Footprint=CDIP14 New Footprint=DIP16
Change Component Comment : Designator=U4 Old Comment=M54HCT08F1R New Comment=M54HC4050F1R
Added Component: Designator=jumper 1(HDR1X2)
Added Component: Designator=jumper 2(HDR1X2)
Added Component: Designator=U7(D014_N)
Added Component: Designator=U8(D014_N)
Added Component: Designator=U9(D014_N)
Added Pin To Net: NetName=ST/SP Pin=jumper 1-1
Added Pin To Net: NetName=VCC Pin=jumper 2-1
Added Pin To Net: NetName=NetR11_1 Pin=R12-1
Added Pin To Net: NetName=NetR18_1 Pin=U3-11
Added Pin To Net: NetName=ST/SP Pin=U3-12
Added Pin To Net: NetName=VCC Pin=U4-1
Added Pin To Net: NetName=GND Pin=U4-8
Added Pin To Net: NetName=NetR11_1 Pin=U7-1
Added Pin To Net: NetName=GND Pin=U7-7
Added Pin To Net: NetName=VCC Pin=U7-14
Added Pin To Net: NetName=GND Pin=U8-7
Added Pin To Net: NetName=VCC Pin=U8-14
Added Pin To Net: NetName=VCC Pin=U9-5
Added Pin To Net: NetName=GND Pin=U9-7
Added Pin To Net: NetName=VCC Pin=U9-10
Added Pin To Net: NetName=RST Pin=U9-11
Added Pin To Net: NetName=VCC Pin=U9-14
Added Pin To Net: NetName=10KHZ Pin=U7-11
Added Pin To Net: NetName=10KHZ Pin=U9-12
Added Net: Name=10KHZ
Added Pin To Net: NetName=Netjumper 1_2 Pin=jumper 1-2
Added Pin To Net: NetName=Netjumper 1_2 Pin=jumper 2-2
Added Pin To Net: NetName=Netjumper 1_2 Pin=U9-13
Added Net: Name=Netjumper 1_2
Added Pin To Net: NetName=NetR11_2 Pin=R11-2
Added Pin To Net: NetName=NetR11_2 Pin=U3-10
Added Net: Name=NetR11_2
Added Pin To Net: NetName=NetR12_2 Pin=R12-2
Added Pin To Net: NetName=NetR12_2 Pin=U4-4
Added Net: Name=NetR12_2
Added Pin To Net: NetName=NetU1_2 Pin=U1-2
Added Pin To Net: NetName=NetU1_2 Pin=U2-9
Added Net: Name=NetU1_2
Added Pin To Net: NetName=NetU1_3 Pin=U1-3
Added Pin To Net: NetName=NetU1_3 Pin=U3-3
Added Net: Name=NetU1_3
Added Pin To Net: NetName=NetU1_4 Pin=U1-4
Added Pin To Net: NetName=NetU1_4 Pin=U2-7
Added Net: Name=NetU1_4
Added Pin To Net: NetName=NetU1_5 Pin=U1-5
Added Pin To Net: NetName=NetU1_5 Pin=U2-11
Added Net: Name=NetU1_5
Added Pin To Net: NetName=NetU1_6 Pin=U1-6
Added Pin To Net: NetName=NetU1_6 Pin=U3-5
Added Net: Name=NetU1_6
Added Pin To Net: NetName=NetU1_7 Pin=U1-7
Added Pin To Net: NetName=NetU1_7 Pin=U3-7
Added Net: Name=NetU1_7
Added Pin To Net: NetName=NetU1_9 Pin=U1-9
Added Pin To Net: NetName=NetU1_9 Pin=U3-9
Added Pin To Net: NetName=NetU1_9 Pin=U4-5
Added Net: Name=NetU1_9
Added Pin To Net: NetName=NetU1_12 Pin=U1-12
Added Pin To Net: NetName=NetU1_12 Pin=U2-3
Added Net: Name=NetU1_12
Added Pin To Net: NetName=NetU1_13 Pin=U1-13
Added Pin To Net: NetName=NetU1_13 Pin=U2-5
Added Net: Name=NetU1_13
Added Pin To Net: NetName=NetU1_14 Pin=U1-14
Added Pin To Net: NetName=NetU1_14 Pin=U4-3
Added Net: Name=NetU1_14
Added Pin To Net: NetName=NetU2_2 Pin=U2-2
Added Pin To Net: NetName=NetU2_2 Pin=U9-1
Added Net: Name=NetU2_2
Added Pin To Net: NetName=NetU2_4 Pin=U2-4
Added Pin To Net: NetName=NetU2_4 Pin=U8-5
Added Net: Name=NetU2_4
Added Pin To Net: NetName=NetU2_6 Pin=U2-6
Added Pin To Net: NetName=NetU2_6 Pin=U8-4
Added Net: Name=NetU2_6
Added Pin To Net: NetName=NetU2_10 Pin=U2-10
Added Pin To Net: NetName=NetU2_10 Pin=U8-2
Added Net: Name=NetU2_10
Added Pin To Net: NetName=NetU2_12 Pin=U2-12
Added Pin To Net: NetName=NetU2_12 Pin=U7-5
Added Net: Name=NetU2_12
Added Pin To Net: NetName=NetU3_2 Pin=U3-2
Added Pin To Net: NetName=NetU3_2 Pin=U8-1
Added Net: Name=NetU3_2
Added Pin To Net: NetName=NetU3_4 Pin=U3-4
Added Pin To Net: NetName=NetU3_4 Pin=U7-4
Added Net: Name=NetU3_4
Added Pin To Net: NetName=NetU3_6 Pin=U3-6
Added Pin To Net: NetName=NetU3_6 Pin=U7-2
Added Net: Name=NetU3_6
Added Pin To Net: NetName=NetU4_2 Pin=U4-2
Added Pin To Net: NetName=NetU4_2 Pin=U9-2
Added Net: Name=NetU4_2
Added Pin To Net: NetName=NetU7_3 Pin=U7-3
Added Pin To Net: NetName=NetU7_3 Pin=U7-9
Added Net: Name=NetU7_3
Added Pin To Net: NetName=NetU7_6 Pin=U7-6
Added Pin To Net: NetName=NetU7_6 Pin=U7-10
Added Net: Name=NetU7_6
Added Pin To Net: NetName=NetU7_8 Pin=U7-8
Added Pin To Net: NetName=NetU7_8 Pin=U8-12
Added Net: Name=NetU7_8
Added Pin To Net: NetName=NetU7_12 Pin=U7-12
Added Pin To Net: NetName=NetU7_12 Pin=U8-11
Added Net: Name=NetU7_12
Added Pin To Net: NetName=NetU7_13 Pin=U7-13
Added Pin To Net: NetName=NetU7_13 Pin=U9-8
Added Net: Name=NetU7_13
Added Pin To Net: NetName=NetU8_3 Pin=U8-3
Added Pin To Net: NetName=NetU8_3 Pin=U8-9
Added Net: Name=NetU8_3
Added Pin To Net: NetName=NetU8_6 Pin=U8-6
Added Pin To Net: NetName=NetU8_6 Pin=U8-10
Added Net: Name=NetU8_6
Added Pin To Net: NetName=NetU8_8 Pin=U8-8
Added Pin To Net: NetName=NetU8_8 Pin=U8-13
Added Net: Name=NetU8_8
Added Pin To Net: NetName=NetU9_3 Pin=U9-3
Added Pin To Net: NetName=NetU9_3 Pin=U9-4
Added Net: Name=NetU9_3
Added Pin To Net: NetName=NetU9_6 Pin=U9-6
Added Pin To Net: NetName=NetU9_6 Pin=U9-9
Added Net: Name=NetU9_6
Change Class Name : Old Net Name=AND_5_Entradas New Net Name=AND_10_Entradas
Added Member To Class: ClassName=base_tiempo Member=Component jumper 1 Header 2
Added Member To Class: ClassName=base_tiempo Member=Component jumper 2 Header 2
Added Member To Class: ClassName=Buffer_5Bits Member=Component R11 Res Semi
Added Member To Class: ClassName=Buffer_5Bits Member=Component R12 Res Semi
Added Member To Class: ClassName=Buffer_5Bits Member=Component U4 M54HC4050F1R
Added Member To Class: ClassName=AND_10_Entradas Member=Component U7 SN74F08D
Added Member To Class: ClassName=AND_10_Entradas Member=Component U8 SN74F08D
Added Member To Class: ClassName=AND_10_Entradas Member=Component U9 SN74F08D
Added Room: Name=AND_10_Entradas
