
**** Build of configuration Debug for project adc ****

make all 
Building file: ../src/adc.c
Invoking: MCU C Compiler
arm-none-eabi-gcc -D__USE_CMSIS=CMSISv1p30_LPC13xx -DCR_INTEGER_PRINTF -DDEBUG -D__CODE_RED -D__REDLIB__ -I"/home/kerlos/Dropbox/proyectofinal/codigo/workspace/CMSISv1p30_LPC13xx/inc" -O0 -g3 -Wall -c -fmessage-length=0 -fno-builtin -ffunction-sections -mcpu=cortex-m3 -mthumb -MMD -MP -MF"src/adc.d" -MT"src/adc.d" -o"src/adc.o" "../src/adc.c"
../src/cr_startup_lpc13.c:110:10: warning: taking address of expression of type 'void'
Finished building: ../src/adc.c
 
Building file: ../src/adc_main.c
/usr/local/lpcxpresso_4.1.0_164/lpcxpresso/tools/bin/../lib/gcc/arm-none-eabi/4.5.1/../../../../arm-none-eabi/bin/ld: cannot find -lCMSISv1p30_LPC13xx
Invoking: MCU C Compiler
arm-none-eabi-gcc -D__USE_CMSIS=CMSISv1p30_LPC13xx -DCR_INTEGER_PRINTF -DDEBUG -D__CODE_RED -D__REDLIB__ -I"/home/kerlos/Dropbox/proyectofinal/codigo/workspace/CMSISv1p30_LPC13xx/inc" -O0 -g3 -Wall -c -fmessage-length=0 -fno-builtin -ffunction-sections -mcpu=cortex-m3 -mthumb -MMD -MP -MF"src/adc_main.d" -MT"src/adc_main.d" -o"src/adc_main.o" "../src/adc_main.c"
collect2: ld returned 1 exit status
make: *** [adc.axf] Error 1
Finished building: ../src/adc_main.c
 
Building file: ../src/cr_startup_lpc13.c
Invoking: MCU C Compiler
arm-none-eabi-gcc -D__USE_CMSIS=CMSISv1p30_LPC13xx -DCR_INTEGER_PRINTF -DDEBUG -D__CODE_RED -D__REDLIB__ -I"/home/kerlos/Dropbox/proyectofinal/codigo/workspace/CMSISv1p30_LPC13xx/inc" -O0 -g3 -Wall -c -fmessage-length=0 -fno-builtin -ffunction-sections -mcpu=cortex-m3 -mthumb -MMD -MP -MF"src/cr_startup_lpc13.d" -MT"src/cr_startup_lpc13.d" -o"src/cr_startup_lpc13.o" "../src/cr_startup_lpc13.c"
Finished building: ../src/cr_startup_lpc13.c
 
Building target: adc.axf
Invoking: MCU Linker
arm-none-eabi-gcc -nostdlib -L"/home/kerlos/Dropbox/proyectofinal/codigo/workspace/CMSISv1p30_LPC13xx/Debug" -Xlinker --gc-sections -Xlinker -Map=adc.map -mcpu=cortex-m3 -mthumb -T "adc_Debug.ld" -o"adc.axf"  ./src/adc.o ./src/adc_main.o ./src/cr_startup_lpc13.o   -lCMSISv1p30_LPC13xx
