
**** Build of configuration Debug for project uart ****

make all 
Building file: ../src/cr_startup_lpc13.c
Invoking: MCU C Compiler
arm-none-eabi-gcc -D__USE_CMSIS=CMSISv1p30_LPC13xx -DDEBUG -D__CODE_RED -D__REDLIB__ -I"/home/kerlos/Dropbox/proyectofinal/codigo/workspace/CMSISv1p30_LPC13xx/inc" -O0 -g3 -Wall -c -fmessage-length=0 -fno-builtin -ffunction-sections -mcpu=cortex-m3 -mthumb -MMD -MP -MF"src/cr_startup_lpc13.d" -MT"src/cr_startup_lpc13.d" -o"src/cr_startup_lpc13.o" "../src/cr_startup_lpc13.c"
../src/cr_startup_lpc13.c:110:10: warning: taking address of expression of type 'void'
Finished building: ../src/cr_startup_lpc13.c
 
Building file: ../src/uart.c
/usr/local/lpcxpresso_4.1.0_164/lpcxpresso/tools/bin/../lib/gcc/arm-none-eabi/4.5.1/../../../../arm-none-eabi/bin/ld: cannot find -lCMSISv1p30_LPC13xx
Invoking: MCU C Compiler
arm-none-eabi-gcc -D__USE_CMSIS=CMSISv1p30_LPC13xx -DDEBUG -D__CODE_RED -D__REDLIB__ -I"/home/kerlos/Dropbox/proyectofinal/codigo/workspace/CMSISv1p30_LPC13xx/inc" -O0 -g3 -Wall -c -fmessage-length=0 -fno-builtin -ffunction-sections -mcpu=cortex-m3 -mthumb -MMD -MP -MF"src/uart.d" -MT"src/uart.d" -o"src/uart.o" "../src/uart.c"
collect2: ld returned 1 exit status
make: *** [uart.axf] Error 1
Finished building: ../src/uart.c
 
Building file: ../src/uarttest.c
Invoking: MCU C Compiler
arm-none-eabi-gcc -D__USE_CMSIS=CMSISv1p30_LPC13xx -DDEBUG -D__CODE_RED -D__REDLIB__ -I"/home/kerlos/Dropbox/proyectofinal/codigo/workspace/CMSISv1p30_LPC13xx/inc" -O0 -g3 -Wall -c -fmessage-length=0 -fno-builtin -ffunction-sections -mcpu=cortex-m3 -mthumb -MMD -MP -MF"src/uarttest.d" -MT"src/uarttest.d" -o"src/uarttest.o" "../src/uarttest.c"
Finished building: ../src/uarttest.c
 
Building target: uart.axf
Invoking: MCU Linker
arm-none-eabi-gcc -nostdlib -L"/home/kerlos/Dropbox/proyectofinal/codigo/workspace/CMSISv1p30_LPC13xx/Debug" -Xlinker --gc-sections -Xlinker -Map=uart.map -mcpu=cortex-m3 -mthumb -T "uart_Debug.ld" -o"uart.axf"  ./src/cr_startup_lpc13.o ./src/uart.o ./src/uarttest.o   -lCMSISv1p30_LPC13xx
