Added Component: Designator=Ci1(C0805)
Added Component: Designator=Co1(C0805)
Added Component: Designator=P3(HDR2X10)
Added Component: Designator=P4(HDR2X10)
Added Component: Designator=Pin1(DSUB1.385-2H25A)
Added Component: Designator=PM1(HDR1X2)
Added Component: Designator=POUT1(HDR2X8)
Added Component: Designator=PT1(HDR1X2)
Added Component: Designator=R1(2012[0805])
Added Component: Designator=R2(2012[0805])
Added Component: Designator=R3(2012[0805])
Added Component: Designator=R4(2012[0805])
Added Component: Designator=R5(2012[0805])
Added Component: Designator=R6(2012[0805])
Added Component: Designator=R7(2012[0805])
Added Component: Designator=R8(2012[0805])
Added Component: Designator=R9(2012[0805])
Added Component: Designator=R10(2012[0805])
Added Component: Designator=Rreg1(2012[0805])
Added Pin To Net: NetName=VCC_ISO Pin=Ci1-1
Added Pin To Net: NetName=GND_ISO Pin=Ci1-2
Added Pin To Net: NetName=VCC Pin=Co1-1
Added Pin To Net: NetName=GND_ISO Pin=Co1-2
Added Pin To Net: NetName=_PM1+ Pin=P3-1
Added Pin To Net: NetName=_PM1+ Pin=P3-2
Added Pin To Net: NetName=_PM1+ Pin=P3-3
Added Pin To Net: NetName=_PM1+ Pin=P3-4
Added Pin To Net: NetName=_PT2+ Pin=P3-5
Added Pin To Net: NetName=_PT2+ Pin=P3-6
Added Pin To Net: NetName=_PM2+ Pin=P3-7
Added Pin To Net: NetName=_PM2+ Pin=P3-8
Added Pin To Net: NetName=_PT3+ Pin=P3-9
Added Pin To Net: NetName=_PT3+ Pin=P3-10
Added Pin To Net: NetName=_PM3+ Pin=P3-11
Added Pin To Net: NetName=_PM3+ Pin=P3-12
Added Pin To Net: NetName=_PT4+ Pin=P3-13
Added Pin To Net: NetName=_PT4+ Pin=P3-14
Added Pin To Net: NetName=_PM4+ Pin=P3-15
Added Pin To Net: NetName=_PM4+ Pin=P3-16
Added Pin To Net: NetName=VCC Pin=P3-17
Added Pin To Net: NetName=GND_ISO Pin=P3-18
Added Pin To Net: NetName=VCC Pin=P3-19
Added Pin To Net: NetName=GND_ISO Pin=P3-20
Added Pin To Net: NetName=_PM1+ Pin=P4-1
Added Pin To Net: NetName=_PM1+ Pin=P4-2
Added Pin To Net: NetName=_PM1+ Pin=P4-3
Added Pin To Net: NetName=_PM1+ Pin=P4-4
Added Pin To Net: NetName=_PT2+ Pin=P4-5
Added Pin To Net: NetName=_PT2+ Pin=P4-6
Added Pin To Net: NetName=_PM2+ Pin=P4-7
Added Pin To Net: NetName=_PM2+ Pin=P4-8
Added Pin To Net: NetName=_PT3+ Pin=P4-9
Added Pin To Net: NetName=_PT3+ Pin=P4-10
Added Pin To Net: NetName=_PM3+ Pin=P4-11
Added Pin To Net: NetName=_PM3+ Pin=P4-12
Added Pin To Net: NetName=_PT4+ Pin=P4-13
Added Pin To Net: NetName=_PT4+ Pin=P4-14
Added Pin To Net: NetName=_PM4+ Pin=P4-15
Added Pin To Net: NetName=_PM4+ Pin=P4-16
Added Pin To Net: NetName=VCC Pin=P4-17
Added Pin To Net: NetName=GND_ISO Pin=P4-18
Added Pin To Net: NetName=VCC Pin=P4-19
Added Pin To Net: NetName=GND_ISO Pin=P4-20
Added Pin To Net: NetName=PT1+ Pin=Pin1-1
Added Pin To Net: NetName=PM1+ Pin=Pin1-2
Added Pin To Net: NetName=PT2+ Pin=Pin1-3
Added Pin To Net: NetName=PM2+ Pin=Pin1-4
Added Pin To Net: NetName=PT3+ Pin=Pin1-5
Added Pin To Net: NetName=PM3+ Pin=Pin1-6
Added Pin To Net: NetName=PT4+ Pin=Pin1-7
Added Pin To Net: NetName=PM4+ Pin=Pin1-8
Added Pin To Net: NetName=VCC_ISO Pin=Pin1-9
Added Pin To Net: NetName=VCC_ISO Pin=Pin1-10
Added Pin To Net: NetName=GND_ISO Pin=Pin1-11
Added Pin To Net: NetName=GND_ISO Pin=Pin1-12
Added Pin To Net: NetName=GND_ISO Pin=Pin1-13
Added Pin To Net: NetName=PT1- Pin=Pin1-14
Added Pin To Net: NetName=PM1- Pin=Pin1-15
Added Pin To Net: NetName=PT2- Pin=Pin1-16
Added Pin To Net: NetName=PM2- Pin=Pin1-17
Added Pin To Net: NetName=PT3- Pin=Pin1-18
Added Pin To Net: NetName=PM3- Pin=Pin1-19
Added Pin To Net: NetName=PT4- Pin=Pin1-20
Added Pin To Net: NetName=PM4- Pin=Pin1-21
Added Pin To Net: NetName=VCC_ISO Pin=Pin1-22
Added Pin To Net: NetName=VCC_ISO Pin=Pin1-23
Added Pin To Net: NetName=GND_ISO Pin=Pin1-24
Added Pin To Net: NetName=GND_ISO Pin=Pin1-25
Added Pin To Net: NetName=GND_ISO Pin=PM1-1
Added Pin To Net: NetName=NetP1_5 Pin=PM1-2
Added Pin To Net: NetName=PT1 Pin=POUT1-1
Added Pin To Net: NetName=PT2 Pin=POUT1-2
Added Pin To Net: NetName=PT3 Pin=POUT1-3
Added Pin To Net: NetName=PT4 Pin=POUT1-4
Added Pin To Net: NetName=VCC_ISO Pin=POUT1-5
Added Pin To Net: NetName=VCC_ISO Pin=POUT1-6
Added Pin To Net: NetName=GND_ISO Pin=POUT1-7
Added Pin To Net: NetName=PM1 Pin=POUT1-9
Added Pin To Net: NetName=PM2 Pin=POUT1-10
Added Pin To Net: NetName=PM3 Pin=POUT1-11
Added Pin To Net: NetName=PM4 Pin=POUT1-12
Added Pin To Net: NetName=VCC_ISO Pin=POUT1-13
Added Pin To Net: NetName=GND_ISO Pin=POUT1-14
Added Pin To Net: NetName=GND_ISO Pin=POUT1-15
Added Pin To Net: NetName=GND_ISO Pin=POUT1-16
Added Pin To Net: NetName=GND_ISO Pin=PT1-1
Added Pin To Net: NetName=NetP2_5 Pin=PT1-2
Added Pin To Net: NetName=NetP1_5 Pin=R1-1
Added Pin To Net: NetName=VCC Pin=R1-2
Added Pin To Net: NetName=NetP2_5 Pin=R2-1
Added Pin To Net: NetName=VCC Pin=R2-2
Added Pin To Net: NetName=PT1+ Pin=R3-1
Added Pin To Net: NetName=PT1- Pin=R3-2
Added Pin To Net: NetName=PM1- Pin=R4-1
Added Pin To Net: NetName=PM1+ Pin=R4-2
Added Pin To Net: NetName=GND_ISO Pin=R5-1
Added Pin To Net: NetName=NetR5_2 Pin=R5-2
Added Pin To Net: NetName=GND_ISO Pin=R6-1
Added Pin To Net: NetName=NetR6_2 Pin=R6-2
Added Pin To Net: NetName=NetR7_1 Pin=R7-1
Added Pin To Net: NetName=GND_ISO Pin=R7-2
Added Pin To Net: NetName=NetR8_1 Pin=R8-1
Added Pin To Net: NetName=GND_ISO Pin=R8-2
Added Pin To Net: NetName=PT2+ Pin=R9-1
Added Pin To Net: NetName=PT2- Pin=R9-2
Added Pin To Net: NetName=PM2- Pin=R10-1
Added Pin To Net: NetName=PM2+ Pin=R10-2
Added Pin To Net: NetName=GND_ISO Pin=Rreg1-1
Added Pin To Net: NetName=VCC Pin=Rreg1-2
Added Member To Class: ClassName=regulador Member=Component Ci1 Cap Pol3
Added Member To Class: ClassName=regulador Member=Component Co1 Cap Pol3
Added Member To Class: ClassName=Sheet1 Member=Component P3 Header 10X2
Added Member To Class: ClassName=Sheet1 Member=Component P4 Header 10X2
Added Member To Class: ClassName=drivers Member=Component Pin1 D Connector 25
Added Member To Class: ClassName=Sheet1 Member=Component PM1 Header 2
Added Member To Class: ClassName=drivers Member=Component POUT1 Header 8X2
Added Member To Class: ClassName=Sheet1 Member=Component PT1 Header 2
Added Member To Class: ClassName=Sheet1 Member=Component R1 Res Semi
Added Member To Class: ClassName=Sheet1 Member=Component R2 Res Semi
Added Member To Class: ClassName=drivers Member=Component R3 Res Semi
Added Member To Class: ClassName=drivers Member=Component R4 Res Semi
Added Member To Class: ClassName=drivers Member=Component R5 Res Semi
Added Member To Class: ClassName=drivers Member=Component R6 Res Semi
Added Member To Class: ClassName=drivers Member=Component R7 Res Semi
Added Member To Class: ClassName=drivers Member=Component R8 Res Semi
Added Member To Class: ClassName=drivers Member=Component R9 Res Semi
Added Member To Class: ClassName=drivers Member=Component R10 Res Semi
Added Member To Class: ClassName=regulador Member=Component Rreg1 Res Semi
