Removed Pin From Net: NetName=PT1_P Pin=R1-1
Removed Pin From Net: NetName=PT1_N Pin=R1-2
Removed Pin From Net: NetName=PT3_P Pin=R3-1
Removed Pin From Net: NetName=PT3_N Pin=R3-2
Removed Pin From Net: NetName=PM1_N Pin=R4-1
Removed Pin From Net: NetName=PM1_P Pin=R4-2
Removed Pin From Net: NetName=NetR7_1 Pin=R7-1
Removed Pin From Net: NetName=GND_ISO Pin=R7-2
Removed Pin From Net: NetName=NetR8_1 Pin=R8-1
Removed Pin From Net: NetName=GND_ISO Pin=R8-2
Removed Pin From Net: NetName=PT2_P Pin=R9-1
Removed Pin From Net: NetName=PT2_N Pin=R9-2
Removed Pin From Net: NetName=PM2_N Pin=R10-1
Removed Pin From Net: NetName=PM2_P Pin=R10-2
Removed Pin From Net: NetName=PM4_N Pin=R11-1
Removed Pin From Net: NetName=PM4_P Pin=R11-2
Removed Pin From Net: NetName=PT4_P Pin=R12-1
Removed Pin From Net: NetName=PT4_N Pin=R12-2
Change Component Designator: OldDesignator=R5 NewDesignator=R13
Change Component Designator: OldDesignator=R6 NewDesignator=R14
Added Component: Designator=R5(2012[0805])
Added Component: Designator=R6(2012[0805])
Added Component: Designator=R15(2012[0805])
Added Component: Designator=R16(2012[0805])
Added Component: Designator=R17(2012[0805])
Added Component: Designator=R18(2012[0805])
Added Component: Designator=R19(2012[0805])
Added Component: Designator=R20(2012[0805])
Added Component: Designator=R21(2012[0805])
Added Component: Designator=R22(2012[0805])
Added Component: Designator=R23(2012[0805])
Added Component: Designator=R24(2012[0805])
Added Component: Designator=R25(2012[0805])
Added Component: Designator=R26(2012[0805])
Added Component: Designator=R27(2012[0805])
Added Component: Designator=R28(2012[0805])
Added Pin To Net: NetName=PT4_N Pin=R1-1
Added Pin To Net: NetName=GND_ISO Pin=R1-2
Added Pin To Net: NetName=PT3_N Pin=R2-1
Added Pin To Net: NetName=GND_ISO Pin=R2-2
Added Pin To Net: NetName=PT2_N Pin=R3-1
Added Pin To Net: NetName=GND_ISO Pin=R3-2
Added Pin To Net: NetName=PT1_N Pin=R4-1
Added Pin To Net: NetName=GND_ISO Pin=R4-2
Added Pin To Net: NetName=PT1_P Pin=R5-1
Added Pin To Net: NetName=PT1_N Pin=R5-2
Added Pin To Net: NetName=PT3_P Pin=R7-1
Added Pin To Net: NetName=PT3_N Pin=R7-2
Added Pin To Net: NetName=PM1_N Pin=R8-1
Added Pin To Net: NetName=PM1_P Pin=R8-2
Added Pin To Net: NetName=PM4_N Pin=R9-1
Added Pin To Net: NetName=GND_ISO Pin=R9-2
Added Pin To Net: NetName=PM3_N Pin=R10-1
Added Pin To Net: NetName=GND_ISO Pin=R10-2
Added Pin To Net: NetName=PM2_N Pin=R11-1
Added Pin To Net: NetName=GND_ISO Pin=R11-2
Added Pin To Net: NetName=PM1_N Pin=R12-1
Added Pin To Net: NetName=GND_ISO Pin=R12-2
Added Pin To Net: NetName=PT4_P Pin=R15-1
Added Pin To Net: NetName=VCC Pin=R15-2
Added Pin To Net: NetName=PT3_P Pin=R16-1
Added Pin To Net: NetName=VCC Pin=R16-2
Added Pin To Net: NetName=PT2_P Pin=R17-1
Added Pin To Net: NetName=VCC Pin=R17-2
Added Pin To Net: NetName=PT1_P Pin=R18-1
Added Pin To Net: NetName=VCC Pin=R18-2
Added Pin To Net: NetName=PM4_P Pin=R19-1
Added Pin To Net: NetName=VCC Pin=R19-2
Added Pin To Net: NetName=PM3_P Pin=R20-1
Added Pin To Net: NetName=VCC Pin=R20-2
Added Pin To Net: NetName=PM2_P Pin=R21-1
Added Pin To Net: NetName=VCC Pin=R21-2
Added Pin To Net: NetName=PM1_P Pin=R22-1
Added Pin To Net: NetName=VCC Pin=R22-2
Added Pin To Net: NetName=NetR7_1 Pin=R23-1
Added Pin To Net: NetName=GND_ISO Pin=R23-2
Added Pin To Net: NetName=NetR8_1 Pin=R24-1
Added Pin To Net: NetName=GND_ISO Pin=R24-2
Added Pin To Net: NetName=PT2_P Pin=R25-1
Added Pin To Net: NetName=PT2_N Pin=R25-2
Added Pin To Net: NetName=PM2_N Pin=R26-1
Added Pin To Net: NetName=PM2_P Pin=R26-2
Added Pin To Net: NetName=PM4_N Pin=R27-1
Added Pin To Net: NetName=PM4_P Pin=R27-2
Added Pin To Net: NetName=PT4_P Pin=R28-1
Added Pin To Net: NetName=PT4_N Pin=R28-2
Change Net Name : Old Net Name=NetR5_2 New Net Name=NetR13_2
Change Net Name : Old Net Name=NetR6_2 New Net Name=NetR14_2
Change Net Name : Old Net Name=NetR7_1 New Net Name=NetR23_1
Change Net Name : Old Net Name=NetR8_1 New Net Name=NetR24_1
Added Member To Class: ClassName=drivers Member=Component R13 Res Semi
Added Member To Class: ClassName=drivers Member=Component R14 Res Semi
Added Member To Class: ClassName=drivers Member=Component R15 Res Semi
Added Member To Class: ClassName=drivers Member=Component R16 Res Semi
Added Member To Class: ClassName=drivers Member=Component R17 Res Semi
Added Member To Class: ClassName=drivers Member=Component R18 Res Semi
Added Member To Class: ClassName=drivers Member=Component R19 Res Semi
Added Member To Class: ClassName=drivers Member=Component R20 Res Semi
Added Member To Class: ClassName=drivers Member=Component R21 Res Semi
Added Member To Class: ClassName=drivers Member=Component R22 Res Semi
Added Member To Class: ClassName=drivers Member=Component R23 Res Semi
Added Member To Class: ClassName=drivers Member=Component R24 Res Semi
Added Member To Class: ClassName=drivers Member=Component R25 Res Semi
Added Member To Class: ClassName=drivers Member=Component R26 Res Semi
Added Member To Class: ClassName=drivers Member=Component R27 Res Semi
Added Member To Class: ClassName=drivers Member=Component R28 Res Semi
