Removed Pin From Net: NetName=Net*_4 Pin=*-4
Removed Pin From Net: NetName=Net*_12 Pin=*-12
Removed Pin From Net: NetName=GND_ISO Pin=R?-1
Removed Pin From Net: NetName=Net*_4 Pin=R?-2
Added Pin To Net: NetName=PT1- Pin=*-1
Added Pin To Net: NetName=PT1+ Pin=*-2
Added Pin To Net: NetName=PT1 Pin=*-3
Added Pin To Net: NetName=Net*_4 Pin=*-4
Added Pin To Net: NetName=PM1 Pin=*-5
Added Pin To Net: NetName=PM1+ Pin=*-6
Added Pin To Net: NetName=PM1- Pin=*-7
Added Pin To Net: NetName=GND_ISO Pin=*-8
Added Pin To Net: NetName=PT2- Pin=*-9
Added Pin To Net: NetName=PT2+ Pin=*-10
Added Pin To Net: NetName=PT2 Pin=*-11
Added Pin To Net: NetName=Net*_12 Pin=*-12
Added Pin To Net: NetName=PM2 Pin=*-13
Added Pin To Net: NetName=PM2+ Pin=*-14
Added Pin To Net: NetName=PM2- Pin=*-15
Added Pin To Net: NetName=VCC_ISO Pin=*-16
Added Pin To Net: NetName=GND_ISO Pin=R?-1
Added Pin To Net: NetName=GND_ISO Pin=R?-1
Added Pin To Net: NetName=Net*_12 Pin=R?-1
Added Pin To Net: NetName=GND_ISO Pin=R?-2
Added Pin To Net: NetName=GND_ISO Pin=R?-2
Added Pin To Net: NetName=Net*_4 Pin=R?-2
