Removed Pin From Net: NetName=PT1_P Pin=Pin1-1
Removed Pin From Net: NetName=PM1_P Pin=Pin1-2
Removed Pin From Net: NetName=PT2_P Pin=Pin1-3
Removed Pin From Net: NetName=PM2_P Pin=Pin1-4
Removed Pin From Net: NetName=PT3_P Pin=Pin1-5
Removed Pin From Net: NetName=PM3_P Pin=Pin1-6
Removed Pin From Net: NetName=PT4_P Pin=Pin1-7
Removed Pin From Net: NetName=PM4_P Pin=Pin1-8
Removed Pin From Net: NetName=PT1_N Pin=Pin1-14
Removed Pin From Net: NetName=PM1_N Pin=Pin1-15
Removed Pin From Net: NetName=PT2_N Pin=Pin1-16
Removed Pin From Net: NetName=PM2_N Pin=Pin1-17
Removed Pin From Net: NetName=PT3_N Pin=Pin1-18
Removed Pin From Net: NetName=PM3_N Pin=Pin1-19
Removed Pin From Net: NetName=PT4_N Pin=Pin1-20
Removed Pin From Net: NetName=PM4_N Pin=Pin1-21
Added Pin To Net: NetName=PM4_N Pin=Pin1-1
Added Pin To Net: NetName=PT4_N Pin=Pin1-2
Added Pin To Net: NetName=PM3_N Pin=Pin1-3
Added Pin To Net: NetName=PT3_N Pin=Pin1-4
Added Pin To Net: NetName=PM2_N Pin=Pin1-5
Added Pin To Net: NetName=PT2_N Pin=Pin1-6
Added Pin To Net: NetName=PM1_N Pin=Pin1-7
Added Pin To Net: NetName=PT1_N Pin=Pin1-8
Added Pin To Net: NetName=PM4_P Pin=Pin1-14
Added Pin To Net: NetName=PT4_P Pin=Pin1-15
Added Pin To Net: NetName=PM3_P Pin=Pin1-16
Added Pin To Net: NetName=PT3_P Pin=Pin1-17
Added Pin To Net: NetName=PM2_P Pin=Pin1-18
Added Pin To Net: NetName=PT2_P Pin=Pin1-19
Added Pin To Net: NetName=PM1_P Pin=Pin1-20
Added Pin To Net: NetName=PT1_P Pin=Pin1-21
