Change Component Designator: Old Designator=P1 New Designator=P?
Change Component Designator: Old Designator=P1 New Designator=P?
Change Component Designator: Old Designator=P2 New Designator=P?
Change Component Designator: Old Designator=P3 New Designator=P?
Change Component Designator: Old Designator=Pin New Designator=Pin?
Change Component Designator: Old Designator=PM New Designator=PM?
Change Component Designator: Old Designator=POUT New Designator=POUT?
Change Component Designator: Old Designator=PT New Designator=PT?
Change Component Designator: Old Designator=R1 New Designator=R?
Change Component Designator: Old Designator=R1 New Designator=R?
Change Component Designator: Old Designator=R1 New Designator=R?
Change Component Designator: Old Designator=R1 New Designator=R?
Change Component Designator: Old Designator=R1 New Designator=R?
Change Component Designator: Old Designator=R1 New Designator=R?
Change Component Designator: Old Designator=R2 New Designator=R?
Change Component Designator: Old Designator=R2 New Designator=R?
Change Component Designator: Old Designator=R3 New Designator=R?
Change Component Designator: Old Designator=R4 New Designator=R?
Change Component Designator: Old Designator=u1 New Designator=u?
Change Component Designator: Old Designator=u2 New Designator=u?
