Change Component Designator: OldDesignator=P1_LPC1343_A NewDesignator=P1_UI_A
Change Component Designator: OldDesignator=P1_LPC1343_B NewDesignator=P1_UI_B
Change Component Designator: OldDesignator=P1_LPC1343_C NewDesignator=P1_UI_C
Change Component Designator: OldDesignator=P1_LPC1343_D NewDesignator=P1_UI_D
Change Component Designator: OldDesignator=P1_LPC1343_E NewDesignator=P1_UI_E
Change Component Designator: OldDesignator=P1_LPC1343_F NewDesignator=P1_UI_F
Change Component Designator: OldDesignator=P1_LPC1343_G NewDesignator=P1_UI_G
Change Component Designator: OldDesignator=P1_LPC1343_H NewDesignator=P1_UI_H
Change Component Designator: OldDesignator=P1_LPC1343_UC NewDesignator=P1_UC
Change Component Designator: OldDesignator=P2_LPC1343_A NewDesignator=P2_UI_A
Change Component Designator: OldDesignator=P2_LPC1343_B NewDesignator=P2_UI_B
Change Component Designator: OldDesignator=P2_LPC1343_C NewDesignator=P2_UI_C
Change Component Designator: OldDesignator=P2_LPC1343_D NewDesignator=P2_UI_D
Change Component Designator: OldDesignator=P2_LPC1343_E NewDesignator=P2_UI_E
Change Component Designator: OldDesignator=P2_LPC1343_F NewDesignator=P2_UI_F
Change Component Designator: OldDesignator=P2_LPC1343_G NewDesignator=P2_UI_G
Change Component Designator: OldDesignator=P2_LPC1343_H NewDesignator=P2_UI_H
Change Component Designator: OldDesignator=P2_LPC1343_UC NewDesignator=P2_UC
Change Component Designator: OldDesignator=P3_LPC1343_A NewDesignator=P3_UI_A
Change Component Designator: OldDesignator=P3_LPC1343_B NewDesignator=P3_UI_B
Change Component Designator: OldDesignator=P3_LPC1343_C NewDesignator=P3_UI_C
Change Component Designator: OldDesignator=P3_LPC1343_D NewDesignator=P3_UI_D
Change Component Designator: OldDesignator=P3_LPC1343_E NewDesignator=P3_UI_E
Change Component Designator: OldDesignator=P3_LPC1343_F NewDesignator=P3_UI_F
Change Component Designator: OldDesignator=P3_LPC1343_G NewDesignator=P3_UI_G
Change Component Designator: OldDesignator=P3_LPC1343_H NewDesignator=P3_UI_H
Change Component Designator: OldDesignator=P3_LPC1343_UC NewDesignator=P3_UC
Change Component Designator: OldDesignator=P4_LPC1343_A NewDesignator=P4_UI_A
Change Component Designator: OldDesignator=P4_LPC1343_B NewDesignator=P4_UI_B
Change Component Designator: OldDesignator=P4_LPC1343_C NewDesignator=P4_UI_C
Change Component Designator: OldDesignator=P4_LPC1343_D NewDesignator=P4_UI_D
Change Component Designator: OldDesignator=P4_LPC1343_E NewDesignator=P4_UI_E
Change Component Designator: OldDesignator=P4_LPC1343_F NewDesignator=P4_UI_F
Change Component Designator: OldDesignator=P4_LPC1343_G NewDesignator=P4_UI_G
Change Component Designator: OldDesignator=P4_LPC1343_H NewDesignator=P4_UI_H
Change Component Designator: OldDesignator=P4_LPC1343_UC NewDesignator=P4_UC
Change Component Designator: OldDesignator=P5_LPC1343_A NewDesignator=P5_UI_A
Change Component Designator: OldDesignator=P5_LPC1343_B NewDesignator=P5_UI_B
Change Component Designator: OldDesignator=P5_LPC1343_C NewDesignator=P5_UI_C
Change Component Designator: OldDesignator=P5_LPC1343_D NewDesignator=P5_UI_D
Change Component Designator: OldDesignator=P5_LPC1343_E NewDesignator=P5_UI_E
Change Component Designator: OldDesignator=P5_LPC1343_F NewDesignator=P5_UI_F
Change Component Designator: OldDesignator=P5_LPC1343_G NewDesignator=P5_UI_G
Change Component Designator: OldDesignator=P5_LPC1343_H NewDesignator=P5_UI_H
Change Component Designator: OldDesignator=P5_LPC1343_UC NewDesignator=P5_UC
Change Component Designator: OldDesignator=P6_LPC1343_A NewDesignator=P6_UI_A
Change Component Designator: OldDesignator=P6_LPC1343_B NewDesignator=P6_UI_B
Change Component Designator: OldDesignator=P6_LPC1343_C NewDesignator=P6_UI_C
Change Component Designator: OldDesignator=P6_LPC1343_D NewDesignator=P6_UI_D
Change Component Designator: OldDesignator=P6_LPC1343_E NewDesignator=P6_UI_E
Change Component Designator: OldDesignator=P6_LPC1343_F NewDesignator=P6_UI_F
Change Component Designator: OldDesignator=P6_LPC1343_G NewDesignator=P6_UI_G
Change Component Designator: OldDesignator=P6_LPC1343_H NewDesignator=P6_UI_H
Change Component Designator: OldDesignator=P6_LPC1343_UC NewDesignator=P6_UC
Change Component Designator: OldDesignator=R1_LPC1343_A NewDesignator=R1_UI_A
Change Component Designator: OldDesignator=R1_LPC1343_B NewDesignator=R1_UI_B
Change Component Designator: OldDesignator=R1_LPC1343_C NewDesignator=R1_UI_C
Change Component Designator: OldDesignator=R1_LPC1343_D NewDesignator=R1_UI_D
Change Component Designator: OldDesignator=R1_LPC1343_E NewDesignator=R1_UI_E
Change Component Designator: OldDesignator=R1_LPC1343_F NewDesignator=R1_UI_F
Change Component Designator: OldDesignator=R1_LPC1343_G NewDesignator=R1_UI_G
Change Component Designator: OldDesignator=R1_LPC1343_H NewDesignator=R1_UI_H
Change Component Designator: OldDesignator=R1_LPC1343_UC NewDesignator=R1_UC
Change Component Designator: OldDesignator=R2_LPC1343_A NewDesignator=R2_UI_A
Change Component Designator: OldDesignator=R2_LPC1343_B NewDesignator=R2_UI_B
Change Component Designator: OldDesignator=R2_LPC1343_C NewDesignator=R2_UI_C
Change Component Designator: OldDesignator=R2_LPC1343_D NewDesignator=R2_UI_D
Change Component Designator: OldDesignator=R2_LPC1343_E NewDesignator=R2_UI_E
Change Component Designator: OldDesignator=R2_LPC1343_F NewDesignator=R2_UI_F
Change Component Designator: OldDesignator=R2_LPC1343_G NewDesignator=R2_UI_G
Change Component Designator: OldDesignator=R2_LPC1343_H NewDesignator=R2_UI_H
Change Component Designator: OldDesignator=R2_LPC1343_UC NewDesignator=R2_UC
Change Component Designator: OldDesignator=R3_LPC1343_A NewDesignator=R3_UI_A
Change Component Designator: OldDesignator=R3_LPC1343_B NewDesignator=R3_UI_B
Change Component Designator: OldDesignator=R3_LPC1343_C NewDesignator=R3_UI_C
Change Component Designator: OldDesignator=R3_LPC1343_D NewDesignator=R3_UI_D
Change Component Designator: OldDesignator=R3_LPC1343_E NewDesignator=R3_UI_E
Change Component Designator: OldDesignator=R3_LPC1343_F NewDesignator=R3_UI_F
Change Component Designator: OldDesignator=R3_LPC1343_G NewDesignator=R3_UI_G
Change Component Designator: OldDesignator=R3_LPC1343_H NewDesignator=R3_UI_H
Change Component Designator: OldDesignator=R3_LPC1343_UC NewDesignator=R3_UC
Change Component Designator: OldDesignator=R4_LPC1343_A NewDesignator=R4_UI_A
Change Component Designator: OldDesignator=R4_LPC1343_B NewDesignator=R4_UI_B
Change Component Designator: OldDesignator=R4_LPC1343_C NewDesignator=R4_UI_C
Change Component Designator: OldDesignator=R4_LPC1343_D NewDesignator=R4_UI_D
Change Component Designator: OldDesignator=R4_LPC1343_E NewDesignator=R4_UI_E
Change Component Designator: OldDesignator=R4_LPC1343_F NewDesignator=R4_UI_F
Change Component Designator: OldDesignator=R4_LPC1343_G NewDesignator=R4_UI_G
Change Component Designator: OldDesignator=R4_LPC1343_H NewDesignator=R4_UI_H
Change Component Designator: OldDesignator=R4_LPC1343_UC NewDesignator=R4_UC
Change Component Designator: OldDesignator=R5_LPC1343_A NewDesignator=R5_UI_A
Change Component Designator: OldDesignator=R5_LPC1343_B NewDesignator=R5_UI_B
Change Component Designator: OldDesignator=R5_LPC1343_C NewDesignator=R5_UI_C
Change Component Designator: OldDesignator=R5_LPC1343_D NewDesignator=R5_UI_D
Change Component Designator: OldDesignator=R5_LPC1343_E NewDesignator=R5_UI_E
Change Component Designator: OldDesignator=R5_LPC1343_F NewDesignator=R5_UI_F
Change Component Designator: OldDesignator=R5_LPC1343_G NewDesignator=R5_UI_G
Change Component Designator: OldDesignator=R5_LPC1343_H NewDesignator=R5_UI_H
Change Component Designator: OldDesignator=R5_LPC1343_UC NewDesignator=R5_UC
Change Component Designator: OldDesignator=R6_LPC1343_A NewDesignator=R6_UI_A
Change Component Designator: OldDesignator=R6_LPC1343_B NewDesignator=R6_UI_B
Change Component Designator: OldDesignator=R6_LPC1343_C NewDesignator=R6_UI_C
Change Component Designator: OldDesignator=R6_LPC1343_D NewDesignator=R6_UI_D
Change Component Designator: OldDesignator=R6_LPC1343_E NewDesignator=R6_UI_E
Change Component Designator: OldDesignator=R6_LPC1343_F NewDesignator=R6_UI_F
Change Component Designator: OldDesignator=R6_LPC1343_G NewDesignator=R6_UI_G
Change Component Designator: OldDesignator=R6_LPC1343_H NewDesignator=R6_UI_H
Change Component Designator: OldDesignator=R6_LPC1343_UC NewDesignator=R6_UC
Change Component Designator: OldDesignator=R7_LPC1343_A NewDesignator=R7_UI_A
Change Component Designator: OldDesignator=R7_LPC1343_B NewDesignator=R7_UI_B
Change Component Designator: OldDesignator=R7_LPC1343_C NewDesignator=R7_UI_C
Change Component Designator: OldDesignator=R7_LPC1343_D NewDesignator=R7_UI_D
Change Component Designator: OldDesignator=R7_LPC1343_E NewDesignator=R7_UI_E
Change Component Designator: OldDesignator=R7_LPC1343_F NewDesignator=R7_UI_F
Change Component Designator: OldDesignator=R7_LPC1343_G NewDesignator=R7_UI_G
Change Component Designator: OldDesignator=R7_LPC1343_H NewDesignator=R7_UI_H
Change Component Designator: OldDesignator=R7_LPC1343_UC NewDesignator=R7_UC
Change Component Designator: OldDesignator=R8_LPC1343_A NewDesignator=R8_UI_A
Change Component Designator: OldDesignator=R8_LPC1343_B NewDesignator=R8_UI_B
Change Component Designator: OldDesignator=R8_LPC1343_C NewDesignator=R8_UI_C
Change Component Designator: OldDesignator=R8_LPC1343_D NewDesignator=R8_UI_D
Change Component Designator: OldDesignator=R8_LPC1343_E NewDesignator=R8_UI_E
Change Component Designator: OldDesignator=R8_LPC1343_F NewDesignator=R8_UI_F
Change Component Designator: OldDesignator=R8_LPC1343_G NewDesignator=R8_UI_G
Change Component Designator: OldDesignator=R8_LPC1343_H NewDesignator=R8_UI_H
Change Component Designator: OldDesignator=R8_LPC1343_UC NewDesignator=R8_UC
Change Net Name : Old Net Name=1_LPC1343_A New Net Name=1_UC
Change Net Name : Old Net Name=2_LPC1343_A New Net Name=2_UI_A
Change Net Name : Old Net Name=2_LPC1343_B New Net Name=2_UI_B
Change Net Name : Old Net Name=2_LPC1343_C New Net Name=2_UI_C
Change Net Name : Old Net Name=2_LPC1343_D New Net Name=2_UI_D
Change Net Name : Old Net Name=2_LPC1343_E New Net Name=2_UI_E
Change Net Name : Old Net Name=2_LPC1343_F New Net Name=2_UI_F
Change Net Name : Old Net Name=2_LPC1343_G New Net Name=2_UI_G
Change Net Name : Old Net Name=2_LPC1343_H New Net Name=2_UI_H
Change Net Name : Old Net Name=2_LPC1343_UC New Net Name=2_UC
Change Net Name : Old Net Name=3_LPC1343_A New Net Name=3_UI_A
Change Net Name : Old Net Name=3_LPC1343_B New Net Name=3_UI_B
Change Net Name : Old Net Name=3_LPC1343_C New Net Name=3_UI_C
Change Net Name : Old Net Name=3_LPC1343_D New Net Name=3_UI_D
Change Net Name : Old Net Name=3_LPC1343_E New Net Name=3_UI_E
Change Net Name : Old Net Name=3_LPC1343_F New Net Name=3_UI_F
Change Net Name : Old Net Name=3_LPC1343_G New Net Name=3_UI_G
Change Net Name : Old Net Name=3_LPC1343_H New Net Name=3_UI_H
Change Net Name : Old Net Name=3_LPC1343_UC New Net Name=3_UC
Change Net Name : Old Net Name=4_LPC1343_A New Net Name=4_UI_A
Change Net Name : Old Net Name=4_LPC1343_B New Net Name=4_UI_B
Change Net Name : Old Net Name=4_LPC1343_C New Net Name=4_UI_C
Change Net Name : Old Net Name=4_LPC1343_D New Net Name=4_UI_D
Change Net Name : Old Net Name=4_LPC1343_E New Net Name=4_UI_E
Change Net Name : Old Net Name=4_LPC1343_F New Net Name=4_UI_F
Change Net Name : Old Net Name=4_LPC1343_G New Net Name=4_UI_G
Change Net Name : Old Net Name=4_LPC1343_H New Net Name=4_UI_H
Change Net Name : Old Net Name=4_LPC1343_UC New Net Name=4_UC
Change Net Name : Old Net Name=5_LPC1343_A New Net Name=5_UI_A
Change Net Name : Old Net Name=5_LPC1343_B New Net Name=5_UI_B
Change Net Name : Old Net Name=5_LPC1343_C New Net Name=5_UI_C
Change Net Name : Old Net Name=5_LPC1343_D New Net Name=5_UI_D
Change Net Name : Old Net Name=5_LPC1343_E New Net Name=5_UI_E
Change Net Name : Old Net Name=5_LPC1343_F New Net Name=5_UI_F
Change Net Name : Old Net Name=5_LPC1343_G New Net Name=5_UI_G
Change Net Name : Old Net Name=5_LPC1343_H New Net Name=5_UI_H
Change Net Name : Old Net Name=5_LPC1343_UC New Net Name=5_UC
Change Net Name : Old Net Name=6_LPC1343_A New Net Name=6_UI_A
Change Net Name : Old Net Name=6_LPC1343_B New Net Name=6_UI_B
Change Net Name : Old Net Name=6_LPC1343_C New Net Name=6_UI_C
Change Net Name : Old Net Name=6_LPC1343_D New Net Name=6_UI_D
Change Net Name : Old Net Name=6_LPC1343_E New Net Name=6_UI_E
Change Net Name : Old Net Name=6_LPC1343_F New Net Name=6_UI_F
Change Net Name : Old Net Name=6_LPC1343_G New Net Name=6_UI_G
Change Net Name : Old Net Name=6_LPC1343_H New Net Name=6_UI_H
Change Net Name : Old Net Name=6_LPC1343_UC New Net Name=6_UC
Change Net Name : Old Net Name=7_LPC1343_A New Net Name=7_UI_A
Change Net Name : Old Net Name=7_LPC1343_B New Net Name=7_UI_B
Change Net Name : Old Net Name=7_LPC1343_C New Net Name=7_UI_C
Change Net Name : Old Net Name=7_LPC1343_D New Net Name=7_UI_D
Change Net Name : Old Net Name=7_LPC1343_E New Net Name=7_UI_E
Change Net Name : Old Net Name=7_LPC1343_F New Net Name=7_UI_F
Change Net Name : Old Net Name=7_LPC1343_G New Net Name=7_UI_G
Change Net Name : Old Net Name=7_LPC1343_H New Net Name=7_UI_H
Change Net Name : Old Net Name=7_LPC1343_UC New Net Name=7_UC
Change Net Name : Old Net Name=8_LPC1343_A New Net Name=8_UI_A
Change Net Name : Old Net Name=8_LPC1343_B New Net Name=8_UI_B
Change Net Name : Old Net Name=8_LPC1343_C New Net Name=8_UI_C
Change Net Name : Old Net Name=8_LPC1343_D New Net Name=8_UI_D
Change Net Name : Old Net Name=8_LPC1343_E New Net Name=8_UI_E
Change Net Name : Old Net Name=8_LPC1343_F New Net Name=8_UI_F
Change Net Name : Old Net Name=8_LPC1343_G New Net Name=8_UI_G
Change Net Name : Old Net Name=8_LPC1343_H New Net Name=8_UI_H
Change Net Name : Old Net Name=8_LPC1343_UC New Net Name=8_UC
Change Net Name : Old Net Name=9_LPC1343_A New Net Name=9_UI_A
Change Net Name : Old Net Name=9_LPC1343_UC New Net Name=9_UC
Change Net Name : Old Net Name=11_LPC1343_A New Net Name=11_UI_A
Change Net Name : Old Net Name=11_LPC1343_B New Net Name=11_UI_B
Change Net Name : Old Net Name=11_LPC1343_C New Net Name=11_UI_C
Change Net Name : Old Net Name=11_LPC1343_D New Net Name=11_UI_D
Change Net Name : Old Net Name=11_LPC1343_E New Net Name=11_UI_E
Change Net Name : Old Net Name=11_LPC1343_F New Net Name=11_UI_F
Change Net Name : Old Net Name=11_LPC1343_G New Net Name=11_UI_G
Change Net Name : Old Net Name=11_LPC1343_H New Net Name=11_UI_H
Change Net Name : Old Net Name=11_LPC1343_UC New Net Name=11_UC
Change Net Name : Old Net Name=12_LPC1343_A New Net Name=12_UI_A
Change Net Name : Old Net Name=12_LPC1343_UC New Net Name=12_UC
Change Net Name : Old Net Name=13_LPC1343_A New Net Name=13_UI_A
Change Net Name : Old Net Name=13_LPC1343_B New Net Name=13_UI_B
Change Net Name : Old Net Name=13_LPC1343_C New Net Name=13_UI_C
Change Net Name : Old Net Name=13_LPC1343_D New Net Name=13_UI_D
Change Net Name : Old Net Name=13_LPC1343_E New Net Name=13_UI_E
Change Net Name : Old Net Name=13_LPC1343_F New Net Name=13_UI_F
Change Net Name : Old Net Name=13_LPC1343_G New Net Name=13_UI_G
Change Net Name : Old Net Name=13_LPC1343_H New Net Name=13_UI_H
Change Net Name : Old Net Name=13_LPC1343_UC New Net Name=13_UC
Change Net Name : Old Net Name=14_LPC1343_A New Net Name=14_UI_A
Change Net Name : Old Net Name=14_LPC1343_B New Net Name=14_UI_B
Change Net Name : Old Net Name=14_LPC1343_C New Net Name=14_UI_C
Change Net Name : Old Net Name=14_LPC1343_D New Net Name=14_UI_D
Change Net Name : Old Net Name=14_LPC1343_E New Net Name=14_UI_E
Change Net Name : Old Net Name=14_LPC1343_F New Net Name=14_UI_F
Change Net Name : Old Net Name=14_LPC1343_G New Net Name=14_UI_G
Change Net Name : Old Net Name=14_LPC1343_H New Net Name=14_UI_H
Change Net Name : Old Net Name=14_LPC1343_UC New Net Name=14_UC
Change Net Name : Old Net Name=15_LPC1343_A New Net Name=15_UI_A
Change Net Name : Old Net Name=15_LPC1343_B New Net Name=15_UI_B
Change Net Name : Old Net Name=15_LPC1343_C New Net Name=15_UI_C
Change Net Name : Old Net Name=15_LPC1343_D New Net Name=15_UI_D
Change Net Name : Old Net Name=15_LPC1343_E New Net Name=15_UI_E
Change Net Name : Old Net Name=15_LPC1343_F New Net Name=15_UI_F
Change Net Name : Old Net Name=15_LPC1343_G New Net Name=15_UI_G
Change Net Name : Old Net Name=15_LPC1343_H New Net Name=15_UI_H
Change Net Name : Old Net Name=15_LPC1343_UC New Net Name=15_UC
Change Net Name : Old Net Name=16_LPC1343_A New Net Name=16_UI_A
Change Net Name : Old Net Name=16_LPC1343_B New Net Name=16_UI_B
Change Net Name : Old Net Name=16_LPC1343_C New Net Name=16_UI_C
Change Net Name : Old Net Name=16_LPC1343_D New Net Name=16_UI_D
Change Net Name : Old Net Name=16_LPC1343_E New Net Name=16_UI_E
Change Net Name : Old Net Name=16_LPC1343_F New Net Name=16_UI_F
Change Net Name : Old Net Name=16_LPC1343_G New Net Name=16_UI_G
Change Net Name : Old Net Name=16_LPC1343_H New Net Name=16_UI_H
Change Net Name : Old Net Name=16_LPC1343_UC New Net Name=16_UC
Change Net Name : Old Net Name=17_LPC1343_A New Net Name=17_UI_A
Change Net Name : Old Net Name=17_LPC1343_B New Net Name=17_UI_B
Change Net Name : Old Net Name=17_LPC1343_C New Net Name=17_UI_C
Change Net Name : Old Net Name=17_LPC1343_D New Net Name=17_UI_D
Change Net Name : Old Net Name=17_LPC1343_E New Net Name=17_UI_E
Change Net Name : Old Net Name=17_LPC1343_F New Net Name=17_UI_F
Change Net Name : Old Net Name=17_LPC1343_G New Net Name=17_UI_G
Change Net Name : Old Net Name=17_LPC1343_H New Net Name=17_UI_H
Change Net Name : Old Net Name=17_LPC1343_UC New Net Name=17_UC
Change Net Name : Old Net Name=18_LPC1343_A New Net Name=18_UI_A
Change Net Name : Old Net Name=18_LPC1343_B New Net Name=18_UI_B
Change Net Name : Old Net Name=18_LPC1343_C New Net Name=18_UI_C
Change Net Name : Old Net Name=18_LPC1343_D New Net Name=18_UI_D
Change Net Name : Old Net Name=18_LPC1343_E New Net Name=18_UI_E
Change Net Name : Old Net Name=18_LPC1343_F New Net Name=18_UI_F
Change Net Name : Old Net Name=18_LPC1343_G New Net Name=18_UI_G
Change Net Name : Old Net Name=18_LPC1343_H New Net Name=18_UI_H
Change Net Name : Old Net Name=18_LPC1343_UC New Net Name=18_UC
Change Net Name : Old Net Name=19_LPC1343_A New Net Name=19_UI_A
Change Net Name : Old Net Name=19_LPC1343_B New Net Name=19_UI_B
Change Net Name : Old Net Name=19_LPC1343_C New Net Name=19_UI_C
Change Net Name : Old Net Name=19_LPC1343_D New Net Name=19_UI_D
Change Net Name : Old Net Name=19_LPC1343_E New Net Name=19_UI_E
Change Net Name : Old Net Name=19_LPC1343_F New Net Name=19_UI_F
Change Net Name : Old Net Name=19_LPC1343_G New Net Name=19_UI_G
Change Net Name : Old Net Name=19_LPC1343_H New Net Name=19_UI_H
Change Net Name : Old Net Name=19_LPC1343_UC New Net Name=19_UC
Change Net Name : Old Net Name=20_LPC1343_A New Net Name=20_UI_A
Change Net Name : Old Net Name=20_LPC1343_B New Net Name=20_UI_B
Change Net Name : Old Net Name=20_LPC1343_C New Net Name=20_UI_C
Change Net Name : Old Net Name=20_LPC1343_D New Net Name=20_UI_D
Change Net Name : Old Net Name=20_LPC1343_E New Net Name=20_UI_E
Change Net Name : Old Net Name=20_LPC1343_F New Net Name=20_UI_F
Change Net Name : Old Net Name=20_LPC1343_G New Net Name=20_UI_G
Change Net Name : Old Net Name=20_LPC1343_H New Net Name=20_UI_H
Change Net Name : Old Net Name=20_LPC1343_UC New Net Name=20_UC
Change Net Name : Old Net Name=21_LPC1343_A New Net Name=21_UI_A
Change Net Name : Old Net Name=21_LPC1343_B New Net Name=21_UI_B
Change Net Name : Old Net Name=21_LPC1343_C New Net Name=21_UI_C
Change Net Name : Old Net Name=21_LPC1343_D New Net Name=21_UI_D
Change Net Name : Old Net Name=21_LPC1343_E New Net Name=21_UI_E
Change Net Name : Old Net Name=21_LPC1343_F New Net Name=21_UI_F
Change Net Name : Old Net Name=21_LPC1343_G New Net Name=21_UI_G
Change Net Name : Old Net Name=21_LPC1343_H New Net Name=21_UI_H
Change Net Name : Old Net Name=21_LPC1343_UC New Net Name=21_UC
Change Net Name : Old Net Name=22_LPC1343_A New Net Name=22_UI_A
Change Net Name : Old Net Name=22_LPC1343_B New Net Name=22_UI_B
Change Net Name : Old Net Name=22_LPC1343_C New Net Name=22_UI_C
Change Net Name : Old Net Name=22_LPC1343_D New Net Name=22_UI_D
Change Net Name : Old Net Name=22_LPC1343_E New Net Name=22_UI_E
Change Net Name : Old Net Name=22_LPC1343_F New Net Name=22_UI_F
Change Net Name : Old Net Name=22_LPC1343_G New Net Name=22_UI_G
Change Net Name : Old Net Name=22_LPC1343_H New Net Name=22_UI_H
Change Net Name : Old Net Name=22_LPC1343_UC New Net Name=22_UC
Change Net Name : Old Net Name=23_LPC1343_A New Net Name=23_UI_A
Change Net Name : Old Net Name=23_LPC1343_B New Net Name=23_UI_B
Change Net Name : Old Net Name=23_LPC1343_C New Net Name=23_UI_C
Change Net Name : Old Net Name=23_LPC1343_D New Net Name=23_UI_D
Change Net Name : Old Net Name=23_LPC1343_E New Net Name=23_UI_E
Change Net Name : Old Net Name=23_LPC1343_F New Net Name=23_UI_F
Change Net Name : Old Net Name=23_LPC1343_G New Net Name=23_UI_G
Change Net Name : Old Net Name=23_LPC1343_H New Net Name=23_UI_H
Change Net Name : Old Net Name=23_LPC1343_UC New Net Name=23_UC
Change Net Name : Old Net Name=24_LPC1343_A New Net Name=24_UI_A
Change Net Name : Old Net Name=24_LPC1343_B New Net Name=24_UI_B
Change Net Name : Old Net Name=24_LPC1343_C New Net Name=24_UI_C
Change Net Name : Old Net Name=24_LPC1343_D New Net Name=24_UI_D
Change Net Name : Old Net Name=24_LPC1343_E New Net Name=24_UI_E
Change Net Name : Old Net Name=24_LPC1343_F New Net Name=24_UI_F
Change Net Name : Old Net Name=24_LPC1343_G New Net Name=24_UI_G
Change Net Name : Old Net Name=24_LPC1343_H New Net Name=24_UI_H
Change Net Name : Old Net Name=24_LPC1343_UC New Net Name=24_UC
Change Net Name : Old Net Name=25_LPC1343_A New Net Name=25_UI_A
Change Net Name : Old Net Name=25_LPC1343_B New Net Name=25_UI_B
Change Net Name : Old Net Name=25_LPC1343_C New Net Name=25_UI_C
Change Net Name : Old Net Name=25_LPC1343_D New Net Name=25_UI_D
Change Net Name : Old Net Name=25_LPC1343_E New Net Name=25_UI_E
Change Net Name : Old Net Name=25_LPC1343_F New Net Name=25_UI_F
Change Net Name : Old Net Name=25_LPC1343_G New Net Name=25_UI_G
Change Net Name : Old Net Name=25_LPC1343_H New Net Name=25_UI_H
Change Net Name : Old Net Name=25_LPC1343_UC New Net Name=25_UC
Change Net Name : Old Net Name=26_LPC1343_A New Net Name=26_UI_A
Change Net Name : Old Net Name=26_LPC1343_B New Net Name=26_UI_B
Change Net Name : Old Net Name=26_LPC1343_C New Net Name=26_UI_C
Change Net Name : Old Net Name=26_LPC1343_D New Net Name=26_UI_D
Change Net Name : Old Net Name=26_LPC1343_E New Net Name=26_UI_E
Change Net Name : Old Net Name=26_LPC1343_F New Net Name=26_UI_F
Change Net Name : Old Net Name=26_LPC1343_G New Net Name=26_UI_G
Change Net Name : Old Net Name=26_LPC1343_H New Net Name=26_UI_H
Change Net Name : Old Net Name=26_LPC1343_UC New Net Name=26_UC
Change Net Name : Old Net Name=27_LPC1343_A New Net Name=27_UI_A
Change Net Name : Old Net Name=27_LPC1343_B New Net Name=27_UI_B
Change Net Name : Old Net Name=27_LPC1343_C New Net Name=27_UI_C
Change Net Name : Old Net Name=27_LPC1343_D New Net Name=27_UI_D
Change Net Name : Old Net Name=27_LPC1343_E New Net Name=27_UI_E
Change Net Name : Old Net Name=27_LPC1343_F New Net Name=27_UI_F
Change Net Name : Old Net Name=27_LPC1343_G New Net Name=27_UI_G
Change Net Name : Old Net Name=27_LPC1343_H New Net Name=27_UI_H
Change Net Name : Old Net Name=27_LPC1343_UC New Net Name=27_UC
Change Net Name : Old Net Name=28_LPC1343_A New Net Name=28_UC
Change Net Name : Old Net Name=29_LPC1343_A New Net Name=29_UI_A
Change Net Name : Old Net Name=29_LPC1343_B New Net Name=29_UI_B
Change Net Name : Old Net Name=29_LPC1343_C New Net Name=29_UI_C
Change Net Name : Old Net Name=29_LPC1343_D New Net Name=29_UI_D
Change Net Name : Old Net Name=29_LPC1343_E New Net Name=29_UI_E
Change Net Name : Old Net Name=29_LPC1343_F New Net Name=29_UI_F
Change Net Name : Old Net Name=29_LPC1343_G New Net Name=29_UI_G
Change Net Name : Old Net Name=29_LPC1343_H New Net Name=29_UI_H
Change Net Name : Old Net Name=29_LPC1343_UC New Net Name=29_UC
Change Net Name : Old Net Name=30_LPC1343_A New Net Name=30_UI_A
Change Net Name : Old Net Name=30_LPC1343_B New Net Name=30_UI_B
Change Net Name : Old Net Name=30_LPC1343_C New Net Name=30_UI_C
Change Net Name : Old Net Name=30_LPC1343_D New Net Name=30_UI_D
Change Net Name : Old Net Name=30_LPC1343_E New Net Name=30_UI_E
Change Net Name : Old Net Name=30_LPC1343_F New Net Name=30_UI_F
Change Net Name : Old Net Name=30_LPC1343_G New Net Name=30_UI_G
Change Net Name : Old Net Name=30_LPC1343_H New Net Name=30_UI_H
Change Net Name : Old Net Name=30_LPC1343_UC New Net Name=30_UC
Change Net Name : Old Net Name=31_LPC1343_A New Net Name=31_UI_A
Change Net Name : Old Net Name=31_LPC1343_B New Net Name=31_UI_B
Change Net Name : Old Net Name=31_LPC1343_C New Net Name=31_UI_C
Change Net Name : Old Net Name=31_LPC1343_D New Net Name=31_UI_D
Change Net Name : Old Net Name=31_LPC1343_E New Net Name=31_UI_E
Change Net Name : Old Net Name=31_LPC1343_F New Net Name=31_UI_F
Change Net Name : Old Net Name=31_LPC1343_G New Net Name=31_UI_G
Change Net Name : Old Net Name=31_LPC1343_H New Net Name=31_UI_H
Change Net Name : Old Net Name=31_LPC1343_UC New Net Name=31_UC
Change Net Name : Old Net Name=32_LPC1343_A New Net Name=32_UI_A
Change Net Name : Old Net Name=32_LPC1343_B New Net Name=32_UI_B
Change Net Name : Old Net Name=32_LPC1343_C New Net Name=32_UI_C
Change Net Name : Old Net Name=32_LPC1343_D New Net Name=32_UI_D
Change Net Name : Old Net Name=32_LPC1343_E New Net Name=32_UI_E
Change Net Name : Old Net Name=32_LPC1343_F New Net Name=32_UI_F
Change Net Name : Old Net Name=32_LPC1343_G New Net Name=32_UI_G
Change Net Name : Old Net Name=32_LPC1343_H New Net Name=32_UI_H
Change Net Name : Old Net Name=32_LPC1343_UC New Net Name=32_UC
Change Net Name : Old Net Name=33_LPC1343_A New Net Name=33_UI_A
Change Net Name : Old Net Name=33_LPC1343_B New Net Name=33_UI_B
Change Net Name : Old Net Name=33_LPC1343_C New Net Name=33_UI_C
Change Net Name : Old Net Name=33_LPC1343_D New Net Name=33_UI_D
Change Net Name : Old Net Name=33_LPC1343_E New Net Name=33_UI_E
Change Net Name : Old Net Name=33_LPC1343_F New Net Name=33_UI_F
Change Net Name : Old Net Name=33_LPC1343_G New Net Name=33_UI_G
Change Net Name : Old Net Name=33_LPC1343_H New Net Name=33_UI_H
Change Net Name : Old Net Name=33_LPC1343_UC New Net Name=33_UC
Change Net Name : Old Net Name=34_LPC1343_A New Net Name=34_UI_A
Change Net Name : Old Net Name=34_LPC1343_B New Net Name=34_UI_B
Change Net Name : Old Net Name=34_LPC1343_C New Net Name=34_UI_C
Change Net Name : Old Net Name=34_LPC1343_D New Net Name=34_UI_D
Change Net Name : Old Net Name=34_LPC1343_E New Net Name=34_UI_E
Change Net Name : Old Net Name=34_LPC1343_F New Net Name=34_UI_F
Change Net Name : Old Net Name=34_LPC1343_G New Net Name=34_UI_G
Change Net Name : Old Net Name=34_LPC1343_H New Net Name=34_UI_H
Change Net Name : Old Net Name=34_LPC1343_UC New Net Name=34_UC
Change Net Name : Old Net Name=35_LPC1343_A New Net Name=35_UI_A
Change Net Name : Old Net Name=35_LPC1343_B New Net Name=35_UI_B
Change Net Name : Old Net Name=35_LPC1343_C New Net Name=35_UI_C
Change Net Name : Old Net Name=35_LPC1343_D New Net Name=35_UI_D
Change Net Name : Old Net Name=35_LPC1343_E New Net Name=35_UI_E
Change Net Name : Old Net Name=35_LPC1343_F New Net Name=35_UI_F
Change Net Name : Old Net Name=35_LPC1343_G New Net Name=35_UI_G
Change Net Name : Old Net Name=35_LPC1343_H New Net Name=35_UI_H
Change Net Name : Old Net Name=35_LPC1343_UC New Net Name=35_UC
Change Net Name : Old Net Name=36_LPC1343_A New Net Name=36_UI_A
Change Net Name : Old Net Name=36_LPC1343_B New Net Name=36_UI_B
Change Net Name : Old Net Name=36_LPC1343_C New Net Name=36_UI_C
Change Net Name : Old Net Name=36_LPC1343_D New Net Name=36_UI_D
Change Net Name : Old Net Name=36_LPC1343_E New Net Name=36_UI_E
Change Net Name : Old Net Name=36_LPC1343_F New Net Name=36_UI_F
Change Net Name : Old Net Name=36_LPC1343_G New Net Name=36_UI_G
Change Net Name : Old Net Name=36_LPC1343_H New Net Name=36_UI_H
Change Net Name : Old Net Name=36_LPC1343_UC New Net Name=36_UC
Change Net Name : Old Net Name=37_LPC1343_A New Net Name=37_UI_A
Change Net Name : Old Net Name=37_LPC1343_B New Net Name=37_UI_B
Change Net Name : Old Net Name=37_LPC1343_C New Net Name=37_UI_C
Change Net Name : Old Net Name=37_LPC1343_D New Net Name=37_UI_D
Change Net Name : Old Net Name=37_LPC1343_E New Net Name=37_UI_E
Change Net Name : Old Net Name=37_LPC1343_F New Net Name=37_UI_F
Change Net Name : Old Net Name=37_LPC1343_G New Net Name=37_UI_G
Change Net Name : Old Net Name=37_LPC1343_H New Net Name=37_UI_H
Change Net Name : Old Net Name=37_LPC1343_UC New Net Name=37_UC
Change Net Name : Old Net Name=38_LPC1343_A New Net Name=38_UI_A
Change Net Name : Old Net Name=38_LPC1343_B New Net Name=38_UI_B
Change Net Name : Old Net Name=38_LPC1343_C New Net Name=38_UI_C
Change Net Name : Old Net Name=38_LPC1343_D New Net Name=38_UI_D
Change Net Name : Old Net Name=38_LPC1343_E New Net Name=38_UI_E
Change Net Name : Old Net Name=38_LPC1343_F New Net Name=38_UI_F
Change Net Name : Old Net Name=38_LPC1343_G New Net Name=38_UI_G
Change Net Name : Old Net Name=38_LPC1343_H New Net Name=38_UI_H
Change Net Name : Old Net Name=38_LPC1343_UC New Net Name=38_UC
Change Net Name : Old Net Name=39_LPC1343_A New Net Name=39_UI_A
Change Net Name : Old Net Name=39_LPC1343_B New Net Name=39_UI_B
Change Net Name : Old Net Name=39_LPC1343_C New Net Name=39_UI_C
Change Net Name : Old Net Name=39_LPC1343_D New Net Name=39_UI_D
Change Net Name : Old Net Name=39_LPC1343_E New Net Name=39_UI_E
Change Net Name : Old Net Name=39_LPC1343_F New Net Name=39_UI_F
Change Net Name : Old Net Name=39_LPC1343_G New Net Name=39_UI_G
Change Net Name : Old Net Name=39_LPC1343_H New Net Name=39_UI_H
Change Net Name : Old Net Name=39_LPC1343_UC New Net Name=39_UC
Change Net Name : Old Net Name=40_LPC1343_A New Net Name=40_UI_A
Change Net Name : Old Net Name=40_LPC1343_B New Net Name=40_UI_B
Change Net Name : Old Net Name=40_LPC1343_C New Net Name=40_UI_C
Change Net Name : Old Net Name=40_LPC1343_D New Net Name=40_UI_D
Change Net Name : Old Net Name=40_LPC1343_E New Net Name=40_UI_E
Change Net Name : Old Net Name=40_LPC1343_F New Net Name=40_UI_F
Change Net Name : Old Net Name=40_LPC1343_G New Net Name=40_UI_G
Change Net Name : Old Net Name=40_LPC1343_H New Net Name=40_UI_H
Change Net Name : Old Net Name=40_LPC1343_UC New Net Name=40_UC
Change Net Name : Old Net Name=41_LPC1343_A New Net Name=41_UI_A
Change Net Name : Old Net Name=41_LPC1343_B New Net Name=41_UI_B
Change Net Name : Old Net Name=41_LPC1343_C New Net Name=41_UI_C
Change Net Name : Old Net Name=41_LPC1343_D New Net Name=41_UI_D
Change Net Name : Old Net Name=41_LPC1343_E New Net Name=41_UI_E
Change Net Name : Old Net Name=41_LPC1343_F New Net Name=41_UI_F
Change Net Name : Old Net Name=41_LPC1343_G New Net Name=41_UI_G
Change Net Name : Old Net Name=41_LPC1343_H New Net Name=41_UI_H
Change Net Name : Old Net Name=41_LPC1343_UC New Net Name=41_UC
Change Net Name : Old Net Name=42_LPC1343_A New Net Name=42_UI_A
Change Net Name : Old Net Name=42_LPC1343_B New Net Name=42_UI_B
Change Net Name : Old Net Name=42_LPC1343_C New Net Name=42_UI_C
Change Net Name : Old Net Name=42_LPC1343_D New Net Name=42_UI_D
Change Net Name : Old Net Name=42_LPC1343_E New Net Name=42_UI_E
Change Net Name : Old Net Name=42_LPC1343_F New Net Name=42_UI_F
Change Net Name : Old Net Name=42_LPC1343_G New Net Name=42_UI_G
Change Net Name : Old Net Name=42_LPC1343_H New Net Name=42_UI_H
Change Net Name : Old Net Name=42_LPC1343_UC New Net Name=42_UC
Change Net Name : Old Net Name=43_LPC1343_A New Net Name=43_UI_A
Change Net Name : Old Net Name=43_LPC1343_B New Net Name=43_UI_B
Change Net Name : Old Net Name=43_LPC1343_C New Net Name=43_UI_C
Change Net Name : Old Net Name=43_LPC1343_D New Net Name=43_UI_D
Change Net Name : Old Net Name=43_LPC1343_E New Net Name=43_UI_E
Change Net Name : Old Net Name=43_LPC1343_F New Net Name=43_UI_F
Change Net Name : Old Net Name=43_LPC1343_G New Net Name=43_UI_G
Change Net Name : Old Net Name=43_LPC1343_H New Net Name=43_UI_H
Change Net Name : Old Net Name=43_LPC1343_UC New Net Name=43_UC
Change Net Name : Old Net Name=44_LPC1343_A New Net Name=44_UI_A
Change Net Name : Old Net Name=44_LPC1343_B New Net Name=44_UI_B
Change Net Name : Old Net Name=44_LPC1343_C New Net Name=44_UI_C
Change Net Name : Old Net Name=44_LPC1343_D New Net Name=44_UI_D
Change Net Name : Old Net Name=44_LPC1343_E New Net Name=44_UI_E
Change Net Name : Old Net Name=44_LPC1343_F New Net Name=44_UI_F
Change Net Name : Old Net Name=44_LPC1343_G New Net Name=44_UI_G
Change Net Name : Old Net Name=44_LPC1343_H New Net Name=44_UI_H
Change Net Name : Old Net Name=44_LPC1343_UC New Net Name=44_UC
Change Net Name : Old Net Name=45_LPC1343_A New Net Name=45_UI_A
Change Net Name : Old Net Name=45_LPC1343_B New Net Name=45_UI_B
Change Net Name : Old Net Name=45_LPC1343_C New Net Name=45_UI_C
Change Net Name : Old Net Name=45_LPC1343_D New Net Name=45_UI_D
Change Net Name : Old Net Name=45_LPC1343_E New Net Name=45_UI_E
Change Net Name : Old Net Name=45_LPC1343_F New Net Name=45_UI_F
Change Net Name : Old Net Name=45_LPC1343_G New Net Name=45_UI_G
Change Net Name : Old Net Name=45_LPC1343_H New Net Name=45_UI_H
Change Net Name : Old Net Name=45_LPC1343_UC New Net Name=45_UC
Change Net Name : Old Net Name=46_LPC1343_A New Net Name=46_UI_A
Change Net Name : Old Net Name=46_LPC1343_B New Net Name=46_UI_B
Change Net Name : Old Net Name=46_LPC1343_C New Net Name=46_UI_C
Change Net Name : Old Net Name=46_LPC1343_D New Net Name=46_UI_D
Change Net Name : Old Net Name=46_LPC1343_E New Net Name=46_UI_E
Change Net Name : Old Net Name=46_LPC1343_F New Net Name=46_UI_F
Change Net Name : Old Net Name=46_LPC1343_G New Net Name=46_UI_G
Change Net Name : Old Net Name=46_LPC1343_H New Net Name=46_UI_H
Change Net Name : Old Net Name=46_LPC1343_UC New Net Name=46_UC
Change Net Name : Old Net Name=47_LPC1343_A New Net Name=47_UI_A
Change Net Name : Old Net Name=47_LPC1343_B New Net Name=47_UI_B
Change Net Name : Old Net Name=47_LPC1343_C New Net Name=47_UI_C
Change Net Name : Old Net Name=47_LPC1343_D New Net Name=47_UI_D
Change Net Name : Old Net Name=47_LPC1343_E New Net Name=47_UI_E
Change Net Name : Old Net Name=47_LPC1343_F New Net Name=47_UI_F
Change Net Name : Old Net Name=47_LPC1343_G New Net Name=47_UI_G
Change Net Name : Old Net Name=47_LPC1343_H New Net Name=47_UI_H
Change Net Name : Old Net Name=47_LPC1343_UC New Net Name=47_UC
Change Net Name : Old Net Name=48_LPC1343_A New Net Name=48_UI_A
Change Net Name : Old Net Name=48_LPC1343_B New Net Name=48_UI_B
Change Net Name : Old Net Name=48_LPC1343_C New Net Name=48_UI_C
Change Net Name : Old Net Name=48_LPC1343_D New Net Name=48_UI_D
Change Net Name : Old Net Name=48_LPC1343_E New Net Name=48_UI_E
Change Net Name : Old Net Name=48_LPC1343_F New Net Name=48_UI_F
Change Net Name : Old Net Name=48_LPC1343_G New Net Name=48_UI_G
Change Net Name : Old Net Name=48_LPC1343_H New Net Name=48_UI_H
Change Net Name : Old Net Name=48_LPC1343_UC New Net Name=48_UC
Change Net Name : Old Net Name=49_LPC1343_A New Net Name=49_UI_A
Change Net Name : Old Net Name=49_LPC1343_B New Net Name=49_UI_B
Change Net Name : Old Net Name=49_LPC1343_C New Net Name=49_UI_C
Change Net Name : Old Net Name=49_LPC1343_D New Net Name=49_UI_D
Change Net Name : Old Net Name=49_LPC1343_E New Net Name=49_UI_E
Change Net Name : Old Net Name=49_LPC1343_F New Net Name=49_UI_F
Change Net Name : Old Net Name=49_LPC1343_G New Net Name=49_UI_G
Change Net Name : Old Net Name=49_LPC1343_H New Net Name=49_UI_H
Change Net Name : Old Net Name=49_LPC1343_UC New Net Name=49_UC
Change Net Name : Old Net Name=50_LPC1343_A New Net Name=50_UI_A
Change Net Name : Old Net Name=50_LPC1343_B New Net Name=50_UI_B
Change Net Name : Old Net Name=50_LPC1343_C New Net Name=50_UI_C
Change Net Name : Old Net Name=50_LPC1343_D New Net Name=50_UI_D
Change Net Name : Old Net Name=50_LPC1343_E New Net Name=50_UI_E
Change Net Name : Old Net Name=50_LPC1343_F New Net Name=50_UI_F
Change Net Name : Old Net Name=50_LPC1343_G New Net Name=50_UI_G
Change Net Name : Old Net Name=50_LPC1343_H New Net Name=50_UI_H
Change Net Name : Old Net Name=50_LPC1343_UC New Net Name=50_UC
Change Net Name : Old Net Name=51_LPC1343_A New Net Name=51_UI_A
Change Net Name : Old Net Name=51_LPC1343_B New Net Name=51_UI_B
Change Net Name : Old Net Name=51_LPC1343_C New Net Name=51_UI_C
Change Net Name : Old Net Name=51_LPC1343_D New Net Name=51_UI_D
Change Net Name : Old Net Name=51_LPC1343_E New Net Name=51_UI_E
Change Net Name : Old Net Name=51_LPC1343_F New Net Name=51_UI_F
Change Net Name : Old Net Name=51_LPC1343_G New Net Name=51_UI_G
Change Net Name : Old Net Name=51_LPC1343_H New Net Name=51_UI_H
Change Net Name : Old Net Name=51_LPC1343_UC New Net Name=51_UC
Change Net Name : Old Net Name=52_LPC1343_A New Net Name=52_UI_A
Change Net Name : Old Net Name=52_LPC1343_B New Net Name=52_UI_B
Change Net Name : Old Net Name=52_LPC1343_C New Net Name=52_UI_C
Change Net Name : Old Net Name=52_LPC1343_D New Net Name=52_UI_D
Change Net Name : Old Net Name=52_LPC1343_E New Net Name=52_UI_E
Change Net Name : Old Net Name=52_LPC1343_F New Net Name=52_UI_F
Change Net Name : Old Net Name=52_LPC1343_G New Net Name=52_UI_G
Change Net Name : Old Net Name=52_LPC1343_H New Net Name=52_UI_H
Change Net Name : Old Net Name=52_LPC1343_UC New Net Name=52_UC
Change Net Name : Old Net Name=53_LPC1343_A New Net Name=53_UI_A
Change Net Name : Old Net Name=53_LPC1343_B New Net Name=53_UI_B
Change Net Name : Old Net Name=53_LPC1343_C New Net Name=53_UI_C
Change Net Name : Old Net Name=53_LPC1343_D New Net Name=53_UI_D
Change Net Name : Old Net Name=53_LPC1343_E New Net Name=53_UI_E
Change Net Name : Old Net Name=53_LPC1343_F New Net Name=53_UI_F
Change Net Name : Old Net Name=53_LPC1343_G New Net Name=53_UI_G
Change Net Name : Old Net Name=53_LPC1343_H New Net Name=53_UI_H
Change Net Name : Old Net Name=53_LPC1343_UC New Net Name=53_UC
Change Class Name : Old Net Name=LPC1343_A New Net Name=UI_A
Change Class Name : Old Net Name=LPC1343_B New Net Name=UI_B
Change Class Name : Old Net Name=LPC1343_C New Net Name=UI_C
Change Class Name : Old Net Name=LPC1343_D New Net Name=UI_D
Change Class Name : Old Net Name=LPC1343_E New Net Name=UI_E
Change Class Name : Old Net Name=LPC1343_F New Net Name=UI_F
Change Class Name : Old Net Name=LPC1343_G New Net Name=UI_G
Change Class Name : Old Net Name=LPC1343_H New Net Name=UI_H
Change Class Name : Old Net Name=LPC1343_UC New Net Name=UC
Added Room: Name=UC
Added Room: Name=UI_A
Added Room: Name=UI_B
Added Room: Name=UI_C
Added Room: Name=UI_D
Added Room: Name=UI_E
Added Room: Name=UI_F
Added Room: Name=UI_G
Added Room: Name=UI_H
