Change Component Footprint: Designator=R1_UC Old Footprint=J1-0603 New Footprint=2012[0805]
Change Component Footprint: Designator=R1_UI_A Old Footprint=J1-0603 New Footprint=2012[0805]
Change Component Footprint: Designator=R1_UI_B Old Footprint=J1-0603 New Footprint=2012[0805]
Change Component Footprint: Designator=R1_UI_C Old Footprint=J1-0603 New Footprint=2012[0805]
Change Component Footprint: Designator=R1_UI_D Old Footprint=J1-0603 New Footprint=2012[0805]
Change Component Footprint: Designator=R1_UI_E Old Footprint=J1-0603 New Footprint=2012[0805]
Change Component Footprint: Designator=R1_UI_F Old Footprint=J1-0603 New Footprint=2012[0805]
Change Component Footprint: Designator=R1_UI_G Old Footprint=J1-0603 New Footprint=2012[0805]
Change Component Footprint: Designator=R1_UI_H Old Footprint=J1-0603 New Footprint=2012[0805]
Change Component Footprint: Designator=R2_UC Old Footprint=J1-0603 New Footprint=2012[0805]
Change Component Footprint: Designator=R2_UI_A Old Footprint=J1-0603 New Footprint=2012[0805]
Change Component Footprint: Designator=R2_UI_B Old Footprint=J1-0603 New Footprint=2012[0805]
Change Component Footprint: Designator=R2_UI_C Old Footprint=J1-0603 New Footprint=2012[0805]
Change Component Footprint: Designator=R2_UI_D Old Footprint=J1-0603 New Footprint=2012[0805]
Change Component Footprint: Designator=R2_UI_E Old Footprint=J1-0603 New Footprint=2012[0805]
Change Component Footprint: Designator=R2_UI_F Old Footprint=J1-0603 New Footprint=2012[0805]
Change Component Footprint: Designator=R2_UI_G Old Footprint=J1-0603 New Footprint=2012[0805]
Change Component Footprint: Designator=R2_UI_H Old Footprint=J1-0603 New Footprint=2012[0805]
Change Component Footprint: Designator=R3_UC Old Footprint=J1-0603 New Footprint=2012[0805]
Change Component Footprint: Designator=R3_UI_A Old Footprint=J1-0603 New Footprint=2012[0805]
Change Component Footprint: Designator=R3_UI_B Old Footprint=J1-0603 New Footprint=2012[0805]
Change Component Footprint: Designator=R3_UI_C Old Footprint=J1-0603 New Footprint=2012[0805]
Change Component Footprint: Designator=R3_UI_D Old Footprint=J1-0603 New Footprint=2012[0805]
Change Component Footprint: Designator=R3_UI_E Old Footprint=J1-0603 New Footprint=2012[0805]
Change Component Footprint: Designator=R3_UI_F Old Footprint=J1-0603 New Footprint=2012[0805]
Change Component Footprint: Designator=R3_UI_G Old Footprint=J1-0603 New Footprint=2012[0805]
Change Component Footprint: Designator=R3_UI_H Old Footprint=J1-0603 New Footprint=2012[0805]
Change Component Footprint: Designator=R4_UC Old Footprint=J1-0603 New Footprint=2012[0805]
Change Component Footprint: Designator=R4_UI_A Old Footprint=J1-0603 New Footprint=2012[0805]
Change Component Footprint: Designator=R4_UI_B Old Footprint=J1-0603 New Footprint=2012[0805]
Change Component Footprint: Designator=R4_UI_C Old Footprint=J1-0603 New Footprint=2012[0805]
Change Component Footprint: Designator=R4_UI_D Old Footprint=J1-0603 New Footprint=2012[0805]
Change Component Footprint: Designator=R4_UI_E Old Footprint=J1-0603 New Footprint=2012[0805]
Change Component Footprint: Designator=R4_UI_F Old Footprint=J1-0603 New Footprint=2012[0805]
Change Component Footprint: Designator=R4_UI_G Old Footprint=J1-0603 New Footprint=2012[0805]
Change Component Footprint: Designator=R4_UI_H Old Footprint=J1-0603 New Footprint=2012[0805]
Change Component Footprint: Designator=R5_UC Old Footprint=J1-0603 New Footprint=2012[0805]
Change Component Footprint: Designator=R5_UI_A Old Footprint=J1-0603 New Footprint=2012[0805]
Change Component Footprint: Designator=R5_UI_B Old Footprint=J1-0603 New Footprint=2012[0805]
Change Component Footprint: Designator=R5_UI_C Old Footprint=J1-0603 New Footprint=2012[0805]
Change Component Footprint: Designator=R5_UI_D Old Footprint=J1-0603 New Footprint=2012[0805]
Change Component Footprint: Designator=R5_UI_E Old Footprint=J1-0603 New Footprint=2012[0805]
Change Component Footprint: Designator=R5_UI_F Old Footprint=J1-0603 New Footprint=2012[0805]
Change Component Footprint: Designator=R5_UI_G Old Footprint=J1-0603 New Footprint=2012[0805]
Change Component Footprint: Designator=R5_UI_H Old Footprint=J1-0603 New Footprint=2012[0805]
Change Component Footprint: Designator=R6_UC Old Footprint=J1-0603 New Footprint=2012[0805]
Change Component Footprint: Designator=R6_UI_A Old Footprint=J1-0603 New Footprint=2012[0805]
Change Component Footprint: Designator=R6_UI_B Old Footprint=J1-0603 New Footprint=2012[0805]
Change Component Footprint: Designator=R6_UI_C Old Footprint=J1-0603 New Footprint=2012[0805]
Change Component Footprint: Designator=R6_UI_D Old Footprint=J1-0603 New Footprint=2012[0805]
Change Component Footprint: Designator=R6_UI_E Old Footprint=J1-0603 New Footprint=2012[0805]
Change Component Footprint: Designator=R6_UI_F Old Footprint=J1-0603 New Footprint=2012[0805]
Change Component Footprint: Designator=R6_UI_G Old Footprint=J1-0603 New Footprint=2012[0805]
Change Component Footprint: Designator=R6_UI_H Old Footprint=J1-0603 New Footprint=2012[0805]
Change Component Footprint: Designator=R7_UC Old Footprint=J1-0603 New Footprint=2012[0805]
Change Component Footprint: Designator=R7_UI_A Old Footprint=J1-0603 New Footprint=2012[0805]
Change Component Footprint: Designator=R7_UI_B Old Footprint=J1-0603 New Footprint=2012[0805]
Change Component Footprint: Designator=R7_UI_C Old Footprint=J1-0603 New Footprint=2012[0805]
Change Component Footprint: Designator=R7_UI_D Old Footprint=J1-0603 New Footprint=2012[0805]
Change Component Footprint: Designator=R7_UI_E Old Footprint=J1-0603 New Footprint=2012[0805]
Change Component Footprint: Designator=R7_UI_F Old Footprint=J1-0603 New Footprint=2012[0805]
Change Component Footprint: Designator=R7_UI_G Old Footprint=J1-0603 New Footprint=2012[0805]
Change Component Footprint: Designator=R7_UI_H Old Footprint=J1-0603 New Footprint=2012[0805]
Change Component Footprint: Designator=R8_UC Old Footprint=J1-0603 New Footprint=2012[0805]
Change Component Footprint: Designator=R8_UI_A Old Footprint=J1-0603 New Footprint=2012[0805]
Change Component Footprint: Designator=R8_UI_B Old Footprint=J1-0603 New Footprint=2012[0805]
Change Component Footprint: Designator=R8_UI_C Old Footprint=J1-0603 New Footprint=2012[0805]
Change Component Footprint: Designator=R8_UI_D Old Footprint=J1-0603 New Footprint=2012[0805]
Change Component Footprint: Designator=R8_UI_E Old Footprint=J1-0603 New Footprint=2012[0805]
Change Component Footprint: Designator=R8_UI_F Old Footprint=J1-0603 New Footprint=2012[0805]
Change Component Footprint: Designator=R8_UI_G Old Footprint=J1-0603 New Footprint=2012[0805]
Change Component Footprint: Designator=R8_UI_H Old Footprint=J1-0603 New Footprint=2012[0805]
