Removed Pin From Net: NetName=NetU5_6 Pin=U7-1
Removed Pin From Net: NetName=NetU5_3 Pin=U7-2
Removed Pin From Net: NetName=NetU4_6 Pin=U7-4
Removed Pin From Net: NetName=NetU4_3 Pin=U7-5
Removed Pin From Net: NetName=1_UC Pin=U7-7
Removed Pin From Net: NetName=NetU4_11 Pin=U7-9
Removed Pin From Net: NetName=NetU4_8 Pin=U7-10
Removed Pin From Net: NetName=VCC Pin=U7-13
Removed Pin From Net: NetName=VCC Pin=U7-14
Removed Pin From Net: NetName=10KHZ Pin=U8-6
Removed Pin From Net: NetName=1_UC Pin=U8-7
Removed Pin From Net: NetName=VCC Pin=U8-14
Removed Member From Class: ClassName=AND_5_Entradas Member=U7
Removed Member From Class: ClassName=AND_5_Entradas Member=U8
Change Component Footprint: Designator=U6 Old Footprint=MP04A_N New Footprint=CDIP14
Change Component Comment : Designator=U6 Old Comment=LM3940IMP-3.3 New Comment=M54HCT08F1R
Added Pin To Net: NetName=NetU5_6 Pin=U5-9
Added Pin To Net: NetName=NetU5_3 Pin=U5-10
Added Pin To Net: NetName=NetU4_6 Pin=U5-12
Added Pin To Net: NetName=NetU4_3 Pin=U5-13
Added Pin To Net: NetName=NetU4_11 Pin=U6-1
Added Pin To Net: NetName=NetU4_8 Pin=U6-2
Added Pin To Net: NetName=VCC Pin=U6-5
Added Pin To Net: NetName=1_UC Pin=U6-7
Added Pin To Net: NetName=10KHZ Pin=U6-11
Added Pin To Net: NetName=VCC Pin=U6-14
Added Pin To Net: NetName=NetU5_8 Pin=U5-8
Added Pin To Net: NetName=NetU5_8 Pin=U6-4
Added Net: Name=NetU5_8
Added Pin To Net: NetName=NetU5_11 Pin=U5-11
Added Pin To Net: NetName=NetU5_11 Pin=U6-10
Added Net: Name=NetU5_11
Added Pin To Net: NetName=NetU6_3 Pin=U6-3
Added Pin To Net: NetName=NetU6_3 Pin=U6-9
Added Net: Name=NetU6_3
Added Pin To Net: NetName=NetU6_6 Pin=U6-6
Added Pin To Net: NetName=NetU6_6 Pin=U6-13
Added Net: Name=NetU6_6
Added Pin To Net: NetName=NetU6_8 Pin=U6-8
Added Pin To Net: NetName=NetU6_8 Pin=U6-12
Added Net: Name=NetU6_8
Added Member To Class: ClassName=AND_5_Entradas Member=Component U6 M54HCT08F1R
