Removed Pin From Net: NetName=GND Pin=Lado A-Linea  1-4-5
Removed Pin From Net: NetName=45_UI_A Pin=Lado A-Linea  1-4-6
Removed Pin From Net: NetName=45_UI_B Pin=Lado A-Linea  1-4-7
Removed Pin From Net: NetName=45_UI_C Pin=Lado A-Linea  1-4-8
Removed Pin From Net: NetName=45_UI_D Pin=Lado A-Linea  1-4-9
Removed Pin From Net: NetName=GND Pin=Lado A-Linea  1-4-10
Removed Pin From Net: NetName=GND Pin=Lado A-Linea  1-4-11
Change Component Footprint: Designator=Lado A-Linea  1-4 Old Footprint=DSUB1.385-2H9 New Footprint=DSUB1.385-2H15
Change Component Comment : Designator=Lado A-Linea  1-4 Old Comment=D Connector 9 New Comment=D Connector 15
Added Component: Designator=J?(DSUB1.385-2H15)
Added Pin To Net: NetName=VCC Pin=Lado A-Linea  1-4-5
Added Pin To Net: NetName=VCC Pin=Lado A-Linea  1-4-6
Added Pin To Net: NetName=GND Pin=Lado A-Linea  1-4-7
Added Pin To Net: NetName=GND Pin=Lado A-Linea  1-4-8
Added Pin To Net: NetName=45_UI_A Pin=Lado A-Linea  1-4-9
Added Pin To Net: NetName=45_UI_B Pin=Lado A-Linea  1-4-10
Added Pin To Net: NetName=45_UI_C Pin=Lado A-Linea  1-4-11
Added Pin To Net: NetName=45_UI_D Pin=Lado A-Linea  1-4-12
Added Pin To Net: NetName=VCC Pin=Lado A-Linea  1-4-13
Added Pin To Net: NetName=GND Pin=Lado A-Linea  1-4-14
Added Pin To Net: NetName=GND Pin=Lado A-Linea  1-4-15
Added Pin To Net: NetName=GND Pin=Lado A-Linea  1-4-16
Added Pin To Net: NetName=GND Pin=Lado A-Linea  1-4-17
Added Member To Class: ClassName=placa_madre Member=Component J? D Connector 15
