Removed Pin From Net: NetName=14_UI_A Pin=J3-1
Removed Pin From Net: NetName=45_UI_A Pin=J3-2
Removed Pin From Net: NetName=14_UI_B Pin=J3-3
Removed Pin From Net: NetName=45_UI_B Pin=J3-4
Removed Pin From Net: NetName=14_UI_C Pin=J3-5
Removed Pin From Net: NetName=45_UI_C Pin=J3-6
Removed Pin From Net: NetName=14_UI_D Pin=J3-7
Removed Pin From Net: NetName=45_UI_D Pin=J3-8
Removed Pin From Net: NetName=VCC Pin=J3-9
Removed Pin From Net: NetName=VCC Pin=J3-10
Removed Pin From Net: NetName=GND Pin=J3-11
Removed Pin From Net: NetName=GND Pin=J3-12
Removed Pin From Net: NetName=GND Pin=J3-13
Removed Pin From Net: NetName=GND Pin=J3-14
Removed Pin From Net: NetName=GND Pin=J3-15
Removed Pin From Net: NetName=GND Pin=J3-16
Removed Pin From Net: NetName=GND Pin=J3-17
Removed Pin From Net: NetName=GND Pin=J3-18
Removed Member From Class: ClassName=placa_madre Member=*
Removed Member From Class: ClassName=placa_madre Member=J3
Added Component: Designator=J?(050DSUB0.762-4H15)
Added Pin To Net: NetName=45_UI_A Pin=J?-1
Added Pin To Net: NetName=45_UI_B Pin=J?-2
Added Pin To Net: NetName=45_UI_C Pin=J?-3
Added Pin To Net: NetName=45_UI_D Pin=J?-4
Added Pin To Net: NetName=VCC Pin=J?-5
Added Pin To Net: NetName=14_UI_A Pin=J?-6
Added Pin To Net: NetName=14_UI_B Pin=J?-7
Added Pin To Net: NetName=14_UI_C Pin=J?-8
Added Pin To Net: NetName=14_UI_D Pin=J?-9
Added Pin To Net: NetName=VCC Pin=J?-10
Added Pin To Net: NetName=GND Pin=J?-11
Added Pin To Net: NetName=GND Pin=J?-12
Added Pin To Net: NetName=GND Pin=J?-13
Added Pin To Net: NetName=GND Pin=J?-14
Added Pin To Net: NetName=GND Pin=J?-15
Added Member To Class: ClassName=placa_madre Member=Component J? Connector 15
