Added Pin To Net: NetName=14_LPC1343_A Pin=J3-1
Added Pin To Net: NetName=14_LPC1343_B Pin=J3-2
Added Pin To Net: NetName=14_LPC1343_C Pin=J3-3
Added Pin To Net: NetName=14_LPC1343_D Pin=J3-4
Added Pin To Net: NetName=1_LPC1343_A Pin=J3-5
Added Pin To Net: NetName=45_LPC1343_A Pin=J3-6
Added Pin To Net: NetName=45_LPC1343_B Pin=J3-7
Added Pin To Net: NetName=45_LPC1343_C Pin=J3-8
Added Pin To Net: NetName=45_LPC1343_D Pin=J3-9
Added Pin To Net: NetName=1_LPC1343_A Pin=J3-10
Added Pin To Net: NetName=1_LPC1343_A Pin=J3-11
Added Pin To Net: NetName=1_LPC1343_A Pin=J4-5
Added Pin To Net: NetName=1_LPC1343_A Pin=J4-10
Added Pin To Net: NetName=1_LPC1343_A Pin=J4-11
Added Pin To Net: NetName=1_LPC1343_A Pin=J5-5
Added Pin To Net: NetName=1_LPC1343_A Pin=J5-10
Added Pin To Net: NetName=1_LPC1343_A Pin=J5-11
Added Pin To Net: NetName=1_LPC1343_A Pin=J6-5
Added Pin To Net: NetName=1_LPC1343_A Pin=J6-10
Added Pin To Net: NetName=1_LPC1343_A Pin=J6-11
Added Pin To Net: NetName=12_LPC1343_A Pin=P2_LPC1343_B-3
Added Pin To Net: NetName=12_LPC1343_A Pin=P2_LPC1343_C-3
Added Pin To Net: NetName=12_LPC1343_A Pin=P2_LPC1343_D-3
Added Pin To Net: NetName=12_LPC1343_A Pin=P2_LPC1343_E-3
Added Pin To Net: NetName=12_LPC1343_A Pin=P2_LPC1343_F-3
Added Pin To Net: NetName=12_LPC1343_A Pin=P2_LPC1343_G-3
Added Pin To Net: NetName=12_LPC1343_A Pin=P2_LPC1343_H-3
Added Pin To Net: NetName=12_LPC1343_A Pin=R1_LPC1343_B-1
Added Pin To Net: NetName=12_LPC1343_A Pin=R1_LPC1343_C-1
Added Pin To Net: NetName=12_LPC1343_A Pin=R1_LPC1343_D-1
Added Pin To Net: NetName=12_LPC1343_A Pin=R1_LPC1343_E-1
Added Pin To Net: NetName=12_LPC1343_A Pin=R1_LPC1343_F-1
Added Pin To Net: NetName=12_LPC1343_A Pin=R1_LPC1343_G-1
Added Pin To Net: NetName=12_LPC1343_A Pin=R1_LPC1343_H-1
