Removed Pin From Net: NetName=14_UI_A Pin=Lado A-Linea  1-4-1
Removed Pin From Net: NetName=14_UI_B Pin=Lado A-Linea  1-4-2
Removed Pin From Net: NetName=14_UI_C Pin=Lado A-Linea  1-4-3
Removed Pin From Net: NetName=14_UI_D Pin=Lado A-Linea  1-4-4
Removed Pin From Net: NetName=VCC Pin=Lado A-Linea  1-4-5
Removed Pin From Net: NetName=VCC Pin=Lado A-Linea  1-4-6
Removed Pin From Net: NetName=GND Pin=Lado A-Linea  1-4-7
Removed Pin From Net: NetName=GND Pin=Lado A-Linea  1-4-8
Removed Pin From Net: NetName=45_UI_A Pin=Lado A-Linea  1-4-9
Removed Pin From Net: NetName=45_UI_B Pin=Lado A-Linea  1-4-10
Removed Pin From Net: NetName=45_UI_C Pin=Lado A-Linea  1-4-11
Removed Pin From Net: NetName=45_UI_D Pin=Lado A-Linea  1-4-12
Removed Pin From Net: NetName=VCC Pin=Lado A-Linea  1-4-13
Removed Pin From Net: NetName=GND Pin=Lado A-Linea  1-4-14
Removed Pin From Net: NetName=GND Pin=Lado A-Linea  1-4-15
Removed Pin From Net: NetName=GND Pin=Lado A-Linea  1-4-16
Removed Pin From Net: NetName=GND Pin=Lado A-Linea  1-4-17
Removed Member From Class: ClassName=placa_madre Member=Lado A-Linea  1-4
Change Component Footprint: Designator=J? Old Footprint=DSUB1.385-2H15 New Footprint=CHAMP1.27-2H20
Change Component Comment : Designator=J? Old Comment=D Connector 15 New Comment=Connector 20
Added Component: Designator=*(cc-e DC-DC)
Added Component: Designator=R?(2012[0805])
Added Pin To Net: NetName=VCC Pin=*-1
Added Pin To Net: NetName=GND Pin=*-3
Added Pin To Net: NetName=14_UI_A Pin=J?-1
Added Pin To Net: NetName=45_UI_A Pin=J?-2
Added Pin To Net: NetName=14_UI_B Pin=J?-3
Added Pin To Net: NetName=45_UI_B Pin=J?-4
Added Pin To Net: NetName=14_UI_C Pin=J?-5
Added Pin To Net: NetName=45_UI_C Pin=J?-6
Added Pin To Net: NetName=14_UI_D Pin=J?-7
Added Pin To Net: NetName=45_UI_D Pin=J?-8
Added Pin To Net: NetName=VCC Pin=J?-9
Added Pin To Net: NetName=VCC Pin=J?-10
Added Pin To Net: NetName=GND Pin=J?-11
Added Pin To Net: NetName=GND Pin=R?-2
Added Pin To Net: NetName=GND_ISO Pin=*-5
Added Pin To Net: NetName=GND_ISO Pin=R?-1
Added Net: Name=GND_ISO
Added Pin To Net: NetName=NetJ?_16 Pin=J?-16
Added Pin To Net: NetName=NetJ?_16 Pin=J?-17
Added Pin To Net: NetName=NetJ?_16 Pin=J?-18
Added Net: Name=NetJ?_16
Added Pin To Net: NetName=VCC_ISO Pin=*-7
Added Net: Name=VCC_ISO
Added Member To Class: ClassName=placa_madre Member=Component * cc-e
Added Member To Class: ClassName=placa_madre Member=Component R? Res3
