Removed Pin From Net: NetName=B_3 Pin=U2-3
Removed Pin From Net: NetName=B_5 Pin=U2-5
Removed Pin From Net: NetName=B_6 Pin=U2-7
Removed Pin From Net: NetName=B_7 Pin=U2-9
Removed Pin From Net: NetName=B_8 Pin=U2-11
Removed Pin From Net: NetName=B_9 Pin=U2-14
Removed Pin From Net: NetName=B_4 Pin=U3-9
Removed Pin From Net: NetName=NetU5_6 Pin=U5-9
Removed Pin From Net: NetName=NetU5_3 Pin=U5-10
Removed Pin From Net: NetName=NetU4_6 Pin=U5-12
Removed Pin From Net: NetName=NetU4_3 Pin=U5-13
Removed Pin From Net: NetName=NetU5_8 Pin=U6-4
Removed Pin From Net: NetName=VCC Pin=U7-1
Removed Pin From Net: NetName=GND Pin=U7-2
Removed Pin From Net: NetName=+3.3V Pin=U7-3
Removed Pin From Net: NetName=GND Pin=U7-4
Added Component: Designator=r9(J1-0603)
Added Component: Designator=r10(J1-0603)
Added Component: Designator=S1(N10A)
Added Component: Designator=S2(N10A)
Added Component: Designator=U7(MP04A_N)
Added Component: Designator=U8(DIP16)
Added Pin To Net: NetName=GND Pin=r9-2
Added Pin To Net: NetName=GND Pin=r10-2
Added Pin To Net: NetName=B_0 Pin=U2-3
Added Pin To Net: NetName=B_1 Pin=U2-5
Added Pin To Net: NetName=B_2 Pin=U2-7
Added Pin To Net: NetName=B_3 Pin=U2-9
Added Pin To Net: NetName=B_4 Pin=U2-11
Added Pin To Net: NetName=B_5 Pin=U2-14
Added Pin To Net: NetName=B_3 Pin=U3-9
Added Pin To Net: NetName=B_4 Pin=U3-11
Added Pin To Net: NetName=NetU5_3 Pin=U5-4
Added Pin To Net: NetName=VCC Pin=U5-5
Added Pin To Net: NetName=NetU4_6 Pin=U5-9
Added Pin To Net: NetName=NetU4_3 Pin=U5-10
Added Pin To Net: NetName=NetU5_6 Pin=U6-4
Added Pin To Net: NetName=NetU5_8 Pin=U6-10
Added Pin To Net: NetName=VCC Pin=U7-1
Added Pin To Net: NetName=GND Pin=U7-2
Added Pin To Net: NetName=+3.3V Pin=U7-3
Added Pin To Net: NetName=GND Pin=U7-4
Added Pin To Net: NetName=VCC Pin=U8-1
Added Pin To Net: NetName=B_6 Pin=U8-3
Added Pin To Net: NetName=B_7 Pin=U8-5
Added Pin To Net: NetName=B_8 Pin=U8-7
Added Pin To Net: NetName=GND Pin=U8-8
Added Pin To Net: NetName=B_9 Pin=U8-9
Added Pin To Net: NetName=/B0 Pin=S1-1
Added Pin To Net: NetName=/B0 Pin=U3-2
Added Net: Name=/B0
Added Pin To Net: NetName=/B1 Pin=S1-2
Added Pin To Net: NetName=/B1 Pin=U3-4
Added Net: Name=/B1
Added Pin To Net: NetName=/B2 Pin=S1-3
Added Pin To Net: NetName=/B2 Pin=U3-6
Added Net: Name=/B2
Added Pin To Net: NetName=/B3 Pin=S1-4
Added Pin To Net: NetName=/B3 Pin=U3-10
Added Net: Name=/B3
Added Pin To Net: NetName=/B4 Pin=S1-5
Added Pin To Net: NetName=/B4 Pin=U3-12
Added Net: Name=/B4
Added Pin To Net: NetName=B0 Pin=S2-1
Added Pin To Net: NetName=B0 Pin=U2-2
Added Net: Name=B0
Added Pin To Net: NetName=B1 Pin=S2-2
Added Pin To Net: NetName=B1 Pin=U2-4
Added Net: Name=B1
Added Pin To Net: NetName=B2 Pin=S2-3
Added Pin To Net: NetName=B2 Pin=U2-6
Added Net: Name=B2
Added Pin To Net: NetName=B3 Pin=S2-4
Added Pin To Net: NetName=B3 Pin=U2-10
Added Net: Name=B3
Added Pin To Net: NetName=B4 Pin=S2-5
Added Pin To Net: NetName=B4 Pin=U2-12
Added Net: Name=B4
Added Pin To Net: NetName=Netr9_1 Pin=r9-1
Added Pin To Net: NetName=Netr9_1 Pin=U1-1
Added Net: Name=Netr9_1
Added Pin To Net: NetName=Netr10_1 Pin=r10-1
Added Pin To Net: NetName=Netr10_1 Pin=U1-15
Added Net: Name=Netr10_1
Added Pin To Net: NetName=Q_0 Pin=S1-10
Added Pin To Net: NetName=Q_0 Pin=S2-10
Added Pin To Net: NetName=Q_0 Pin=U4-12
Added Net: Name=Q_0
Added Pin To Net: NetName=Q_1 Pin=S1-9
Added Pin To Net: NetName=Q_1 Pin=S2-9
Added Pin To Net: NetName=Q_1 Pin=U4-13
Added Net: Name=Q_1
Added Pin To Net: NetName=Q_2 Pin=S1-8
Added Pin To Net: NetName=Q_2 Pin=S2-8
Added Pin To Net: NetName=Q_2 Pin=U4-9
Added Net: Name=Q_2
Added Pin To Net: NetName=Q_3 Pin=S1-7
Added Pin To Net: NetName=Q_3 Pin=S2-7
Added Pin To Net: NetName=Q_3 Pin=U4-10
Added Net: Name=Q_3
Added Pin To Net: NetName=Q_4 Pin=S1-6
Added Pin To Net: NetName=Q_4 Pin=S2-6
Added Pin To Net: NetName=Q_4 Pin=U4-4
Added Net: Name=Q_4
Added Pin To Net: NetName=Q_5 Pin=U2-15
Added Pin To Net: NetName=Q_5 Pin=U4-5
Added Net: Name=Q_5
Added Pin To Net: NetName=Q_6 Pin=U4-1
Added Pin To Net: NetName=Q_6 Pin=U8-2
Added Net: Name=Q_6
Added Pin To Net: NetName=Q_7 Pin=U4-2
Added Pin To Net: NetName=Q_7 Pin=U8-4
Added Net: Name=Q_7
Added Pin To Net: NetName=Q_8 Pin=U5-1
Added Pin To Net: NetName=Q_8 Pin=U8-6
Added Net: Name=Q_8
Added Pin To Net: NetName=Q_9 Pin=U5-2
Added Pin To Net: NetName=Q_9 Pin=U8-10
Added Net: Name=Q_9
Added Member To Class: ClassName=BTIEMPO Member=Component r9 Res3
Added Member To Class: ClassName=BTIEMPO Member=Component r10 Res3
Added Member To Class: ClassName=Buffer_5Bits Member=Component S1 SW DIP-5
Added Member To Class: ClassName=Buffer_5Bits Member=Component S2 SW DIP-5
Added Member To Class: ClassName=Buffer_5Bits Member=Component U8 M54HC4050F1R
