Removed Pin From Net: NetName=48_UC Pin=DISPLAY-1
Removed Pin From Net: NetName=50_UC Pin=DISPLAY-2
Removed Pin From Net: NetName=GND Pin=DISPLAY-5
Removed Pin From Net: NetName=49_UC Pin=DISPLAY-6
Removed Pin From Net: NetName=51_UC Pin=DISPLAY-7
Removed Pin From Net: NetName=GND Pin=DISPLAY-10
Removed Pin From Net: NetName=GND Pin=DISPLAY-11
Removed Pin From Net: NetName=45_UI_A Pin=J?-1
Removed Pin From Net: NetName=45_UI_B Pin=J?-2
Removed Pin From Net: NetName=45_UI_C Pin=J?-3
Removed Pin From Net: NetName=45_UI_D Pin=J?-4
Removed Pin From Net: NetName=VCC Pin=J?-5
Removed Pin From Net: NetName=14_UI_A Pin=J?-6
Removed Pin From Net: NetName=14_UI_B Pin=J?-7
Removed Pin From Net: NetName=14_UI_C Pin=J?-8
Removed Pin From Net: NetName=14_UI_D Pin=J?-9
Removed Pin From Net: NetName=VCC Pin=J?-10
Removed Pin From Net: NetName=GND Pin=J?-11
Removed Pin From Net: NetName=GND Pin=J?-12
Removed Pin From Net: NetName=GND Pin=J?-13
Removed Pin From Net: NetName=GND Pin=J?-14
Removed Pin From Net: NetName=GND Pin=J?-15
Removed Member From Class: ClassName=placa_madre Member=DISPLAY
Removed Member From Class: ClassName=placa_madre Member=J?
Added Component: Designator=*(Conector Sub d15)
Added Pin To Net: NetName=45_UI_A Pin=*-1
Added Pin To Net: NetName=45_UI_B Pin=*-2
Added Pin To Net: NetName=45_UI_C Pin=*-3
Added Pin To Net: NetName=45_UI_D Pin=*-4
Added Pin To Net: NetName=VCC Pin=*-5
Added Pin To Net: NetName=14_UI_A Pin=*-6
Added Pin To Net: NetName=14_UI_B Pin=*-7
Added Pin To Net: NetName=14_UI_C Pin=*-8
Added Pin To Net: NetName=14_UI_D Pin=*-9
Added Pin To Net: NetName=VCC Pin=*-10
Added Pin To Net: NetName=GND Pin=*-11
Added Pin To Net: NetName=GND Pin=*-12
Added Pin To Net: NetName=GND Pin=*-13
Added Pin To Net: NetName=GND Pin=*-14
Added Pin To Net: NetName=GND Pin=*-15
Added Member To Class: ClassName=placa_madre Member=Component * Conector Sub D 15
