Removed Pin From Net: NetName=+3.3V Pin=C_Osc-1
Removed Pin From Net: NetName=GND Pin=C_Osc-2
Removed Pin From Net: NetName=GND Pin=cal-2
Removed Pin From Net: NetName=GND Pin=cal-3
Removed Pin From Net: NetName=GND Pin=cal-4
Removed Pin From Net: NetName=GND Pin=cal-5
Removed Pin From Net: NetName=GND Pin=U1-8
Removed Pin From Net: NetName=10KHZ Pin=U1-11
Removed Pin From Net: NetName=VCC Pin=U1-16
Removed Pin From Net: NetName=VCC Pin=U2-1
Removed Pin From Net: NetName=GND Pin=U2-8
Removed Pin From Net: NetName=VCC Pin=U3-1
Removed Pin From Net: NetName=GND Pin=U3-8
Removed Pin From Net: NetName=GND Pin=U4-7
Removed Pin From Net: NetName=VCC Pin=U4-10
Removed Pin From Net: NetName=VCC Pin=U4-13
Removed Pin From Net: NetName=VCC Pin=U4-14
Removed Pin From Net: NetName=GND Pin=U5-7
Removed Pin From Net: NetName=VCC Pin=U5-14
Removed Pin From Net: NetName=GND Pin=U6-7
Removed Pin From Net: NetName=10KHZ Pin=U6-11
Removed Pin From Net: NetName=VCC Pin=U6-14
Removed Pin From Net: NetName=VCC Pin=U8-1
Removed Pin From Net: NetName=GND Pin=U8-8
Removed Pin From Net: NetName=VCC Pin=W2-1
Removed Pin From Net: NetName=+3.3V Pin=Y1-1
Removed Pin From Net: NetName=GND Pin=Y1-2
Removed Pin From Net: NetName=+3.3V Pin=Y1-4
Change Net Name : Old Net Name=10KHZ New Net Name=13_UI_A
