19 Mar 2012 03:56:45 PM - <0> - Report created.
19 Mar 2012 03:56:45 PM - <2> - Initialize posting log file
19 Mar 2012 03:56:45 PM - <2> - Using MP run version 13.00 and post components version 10.00
19 Mar 2012 03:56:45 PM - <2> - Initiate opening the post processor file(s).
19 Mar 2012 03:56:45 PM - <2> - Post processor file name: C:\MCAMX4\MILL\POSTS\MPFAN.PST
19 Mar 2012 03:56:45 PM - <2> - The post processor file has been successfully opened.
19 Mar 2012 03:56:45 PM - <2> - Post version information (input):
19 Mar 2012 03:56:45 PM - <2> - UPDATEPOST Version 13. was used to modify this file.
19 Mar 2012 03:56:45 PM - <2> - The file was modified by this product on 22 Jan 09 15:52:44
19 Mar 2012 03:56:45 PM - <2> - The post was written to run with Mastercam Version 13.
19 Mar 2012 03:56:45 PM - <2> - The post product type is Mill.
19 Mar 2012 03:56:46 PM - <2> - Initialization of pre-defined post variables, strings, postblocks was successful.
19 Mar 2012 03:56:46 PM - <2> - Search for defined post variables, strings, postblocks was successful.
19 Mar 2012 03:56:46 PM - <2> - CONTROL DEFINITION - - Post variable 'err_file$' was re-initialized from 0. to 1.
19 Mar 2012 03:56:46 PM - <2> - CONTROL DEFINITION - - Post variable 'dec_seq_right$' was re-initialized from 3. to 0.
19 Mar 2012 03:56:46 PM - <2> - CONTROL DEFINITION - - Post variable 'omitseq$' was re-initialized from 1. to 0.
19 Mar 2012 03:56:46 PM - <2> - CONTROL DEFINITION - - Post variable 'sub_seq_typ$' was re-initialized from 0. to 1.
19 Mar 2012 03:56:46 PM - <2> - CONTROL DEFINITION - - Post variable 'tplanemode$' was re-initialized from 2. to 0.
19 Mar 2012 03:56:46 PM - <2> - CONTROL DEFINITION - - Post variable 'arctype$' was re-initialized from 2. to 5.
19 Mar 2012 03:56:46 PM - <2> - CONTROL DEFINITION - - Post variable 'arctypexz$' was re-initialized from 2. to 5.
19 Mar 2012 03:56:46 PM - <2> - CONTROL DEFINITION - - Post variable 'arctypeyz$' was re-initialized from 2. to 5.
19 Mar 2012 03:56:46 PM - <2> - CONTROL DEFINITION - - Post variable 'larctype$' was re-initialized from 2. to 5.
19 Mar 2012 03:56:46 PM - <2> - CONTROL DEFINITION - - Post variable 'larctypexz$' was re-initialized from 2. to 5.
19 Mar 2012 03:56:46 PM - <2> - CONTROL DEFINITION - - Post variable 'larctypeyz$' was re-initialized from 2. to 5.
19 Mar 2012 03:56:46 PM - <2> - CONTROL DEFINITION - - Post variable 'arccheck$' was re-initialized from 1. to 111.
19 Mar 2012 03:56:46 PM - <2> - CONTROL DEFINITION - - Post variable 'larccheck$' was re-initialized from 1. to 111.
19 Mar 2012 03:56:46 PM - <2> - CONTROL DEFINITION - - Post variable 'rotfeed4$' was re-initialized from 2. to 1.
19 Mar 2012 03:56:46 PM - <2> - CONTROL DEFINITION - - Post variable 'rotfeed5$' was re-initialized from 3. to 1.
19 Mar 2012 03:56:46 PM - <2> - CONTROL DEFINITION - - Post variable 'lrotfeed4$' was re-initialized from 2. to 1.
19 Mar 2012 03:56:46 PM - <2> - CONTROL DEFINITION - - Post variable 'lrotfeed5$' was re-initialized from 0. to 1.
19 Mar 2012 03:56:46 PM - <2> - CONTROL DEFINITION - - Post variable 'peckacel$' was re-initialized from 0. to 1.
19 Mar 2012 03:56:46 PM - <2> - Successful completion of posting process!
