Added Pin To Net: NetName=48_UI_A Pin=Con_Leds-1
Added Pin To Net: NetName=GND Pin=Con_Leds-2
Added Pin To Net: NetName=49_UI_A Pin=Con_Leds-3
Added Pin To Net: NetName=GND Pin=Con_Leds-4
Added Pin To Net: NetName=48_UI_B Pin=Con_Leds-5
Added Pin To Net: NetName=GND Pin=Con_Leds-6
Added Pin To Net: NetName=49_UI_B Pin=Con_Leds-7
Added Pin To Net: NetName=GND Pin=Con_Leds-8
Added Pin To Net: NetName=48_UI_C Pin=Con_Leds-9
Added Pin To Net: NetName=GND Pin=Con_Leds-10
Added Pin To Net: NetName=49_UI_C Pin=Con_Leds-11
Added Pin To Net: NetName=GND Pin=Con_Leds-12
Added Pin To Net: NetName=48_UI_D Pin=Con_Leds-13
Added Pin To Net: NetName=GND Pin=Con_Leds-14
Added Pin To Net: NetName=49_UI_D Pin=Con_Leds-15
Added Pin To Net: NetName=GND Pin=Con_Leds-16
Added Pin To Net: NetName=48_UI_E Pin=Con_Leds-17
Added Pin To Net: NetName=GND Pin=Con_Leds-18
Added Pin To Net: NetName=49_UI_E Pin=Con_Leds-19
Added Pin To Net: NetName=GND Pin=Con_Leds-20
Added Pin To Net: NetName=48_UI_F Pin=Con_Leds-21
Added Pin To Net: NetName=GND Pin=Con_Leds-22
Added Pin To Net: NetName=49_UI_F Pin=Con_Leds-23
Added Pin To Net: NetName=GND Pin=Con_Leds-24
Added Pin To Net: NetName=48_UI_G Pin=Con_Leds-25
Added Pin To Net: NetName=GND Pin=Con_Leds-26
Added Pin To Net: NetName=49_UI_G Pin=Con_Leds-27
Added Pin To Net: NetName=GND Pin=Con_Leds-28
Added Pin To Net: NetName=48_UI_H Pin=Con_Leds-29
Added Pin To Net: NetName=GND Pin=Con_Leds-30
Added Pin To Net: NetName=GND Pin=Con_Leds-32
Added Pin To Net: NetName=GND Pin=Con_Leds-34
