Removed Pin From Net: NetName=VCC Pin=*-1
Removed Pin From Net: NetName=GND Pin=*-3
Removed Pin From Net: NetName=GND_ISO Pin=*-5
Removed Pin From Net: NetName=VCC_ISO Pin=*-7
Removed Pin From Net: NetName=14_UI_A Pin=J?-1
Removed Pin From Net: NetName=45_UI_A Pin=J?-2
Removed Pin From Net: NetName=14_UI_B Pin=J?-3
Removed Pin From Net: NetName=45_UI_B Pin=J?-4
Removed Pin From Net: NetName=14_UI_C Pin=J?-5
Removed Pin From Net: NetName=45_UI_C Pin=J?-6
Removed Pin From Net: NetName=14_UI_D Pin=J?-7
Removed Pin From Net: NetName=45_UI_D Pin=J?-8
Removed Pin From Net: NetName=VCC Pin=J?-9
Removed Pin From Net: NetName=VCC Pin=J?-10
Removed Pin From Net: NetName=GND Pin=J?-11
Removed Member From Class: ClassName=placa_madre Member=J?
Change Component Designator: OldDesignator=C? NewDesignator=C3
Change Component Designator: OldDesignator=R? NewDesignator=R12
Added Component: Designator=J3(CHAMP1.27-2H20)
Added Component: Designator=J4(PIN1)
Added Component: Designator=J5(PIN1)
Added Component: Designator=J6(PIN1)
Added Component: Designator=J7(PIN1)
Added Component: Designator=J8(PIN1)
Added Component: Designator=J9(PIN1)
Added Component: Designator=J10(PIN1)
Added Pin To Net: NetName=14_UI_A Pin=J3-1
Added Pin To Net: NetName=45_UI_A Pin=J3-2
Added Pin To Net: NetName=14_UI_B Pin=J3-3
Added Pin To Net: NetName=45_UI_B Pin=J3-4
Added Pin To Net: NetName=14_UI_C Pin=J3-5
Added Pin To Net: NetName=45_UI_C Pin=J3-6
Added Pin To Net: NetName=14_UI_D Pin=J3-7
Added Pin To Net: NetName=45_UI_D Pin=J3-8
Added Pin To Net: NetName=VCC Pin=J3-9
Added Pin To Net: NetName=VCC Pin=J3-10
Added Pin To Net: NetName=GND Pin=J3-11
Added Pin To Net: NetName=GND Pin=J3-12
Added Pin To Net: NetName=GND Pin=J3-13
Added Pin To Net: NetName=GND Pin=J3-14
Added Pin To Net: NetName=GND Pin=J3-15
Added Pin To Net: NetName=GND Pin=J3-16
Added Pin To Net: NetName=GND Pin=J3-17
Added Pin To Net: NetName=GND Pin=J3-18
Added Pin To Net: NetName=VCC Pin=J4-1
Added Pin To Net: NetName=GND Pin=J6-1
Added Pin To Net: NetName=GND_ISO Pin=J7-1
Added Pin To Net: NetName=VCC_ISO Pin=J9-1
Change Net Name : Old Net Name=NetC?_1 New Net Name=NetC3_1
Added Pin To Net: NetName=NetJ5_1 Pin=J5-1
Added Net: Name=NetJ5_1
Added Pin To Net: NetName=NetJ8_1 Pin=J8-1
Added Net: Name=NetJ8_1
Added Pin To Net: NetName=NetJ10_1 Pin=J10-1
Added Net: Name=NetJ10_1
Added Class: Name=Designator
Added Member To Class: ClassName=placa_madre Member=Component J3 Connector 20
Added Room: Name=Designator
