Added Component: Designator=P_BOTON(HDR2X5)
Added Component: Designator=Q3(SOT-23B)
Added Component: Designator=Q4(TO-220)
Added Component: Designator=R_BOTON(J1-0603)
Added Pin To Net: NetName=GND Pin=P_BOTON-1
Added Pin To Net: NetName=14_UC Pin=P_BOTON-2
Added Pin To Net: NetName=GND Pin=P_BOTON-3
Added Pin To Net: NetName=GND Pin=P_BOTON-4
Added Pin To Net: NetName=GND Pin=P_BOTON-5
Added Pin To Net: NetName=GND Pin=P_BOTON-7
Added Pin To Net: NetName=GND Pin=P_BOTON-9
Added Pin To Net: NetName=+3.3V Pin=Q3-1
Added Pin To Net: NetName=VCC_EXT Pin=Q4-2
Added Pin To Net: NetName=45_UC Pin=R_BOTON-2
Added Pin To Net: NetName=NetQ3_2 Pin=Q3-2
Added Pin To Net: NetName=NetQ3_2 Pin=R_BOTON-1
Added Net: Name=NetQ3_2
Added Pin To Net: NetName=NetQ3_3 Pin=Q3-3
Added Pin To Net: NetName=NetQ3_3 Pin=Q4-1
Added Net: Name=NetQ3_3
Added Pin To Net: NetName=VCC_BOTON Pin=P_BOTON-10
Added Pin To Net: NetName=VCC_BOTON Pin=Q4-3
Added Net: Name=VCC_BOTON
Added Member To Class: ClassName=placa_madre Member=Component P_BOTON Header 5X2
Added Member To Class: ClassName=placa_madre Member=Component Q3 QNPN
Added Member To Class: ClassName=placa_madre Member=Component Q4 D44H8
Added Member To Class: ClassName=placa_madre Member=Component R_BOTON Res3
