Removed Pin From Net: NetName=Q_6 Pin=U4-4
Removed Pin From Net: NetName=Q_7 Pin=U4-5
Removed Pin From Net: NetName=Q_4 Pin=U4-9
Removed Pin From Net: NetName=Q_5 Pin=U4-10
Removed Pin From Net: NetName=Q_2 Pin=U4-12
Removed Pin From Net: NetName=Q_3 Pin=U4-13
Removed Pin From Net: NetName=NetU4_3 Pin=U5-4
Removed Pin From Net: NetName=VCC Pin=U5-5
Removed Pin From Net: NetName=NetU4_8 Pin=U5-9
Removed Pin From Net: NetName=NetU4_6 Pin=U5-10
Removed Pin From Net: NetName=NetU5_3 Pin=U5-12
Removed Pin From Net: NetName=NetU4_11 Pin=U5-13
Removed Pin From Net: NetName=NetU5_6 Pin=U6-1
Removed Pin From Net: NetName=VCC Pin=U6-2
Removed Pin From Net: NetName=NetU5_11 Pin=U6-4
Removed Pin From Net: NetName=NetU5_8 Pin=U6-5
Removed Pin From Net: NetName=NetU6_3 Pin=U6-10
Added Pin To Net: NetName=NetU4_3 Pin=U4-4
Added Pin To Net: NetName=VCC Pin=U4-5
Added Pin To Net: NetName=NetU4_6 Pin=U4-9
Added Pin To Net: NetName=VCC Pin=U4-10
Added Pin To Net: NetName=Q_6 Pin=U4-12
Added Pin To Net: NetName=Q_7 Pin=U4-13
Added Pin To Net: NetName=NetU5_3 Pin=U5-4
Added Pin To Net: NetName=NetU5_8 Pin=U5-5
Added Pin To Net: NetName=Q_2 Pin=U5-9
Added Pin To Net: NetName=Q_3 Pin=U5-10
Added Pin To Net: NetName=Q_4 Pin=U5-12
Added Pin To Net: NetName=Q_5 Pin=U5-13
Added Pin To Net: NetName=NetU5_11 Pin=U6-1
Added Pin To Net: NetName=NetU4_11 Pin=U6-2
Added Pin To Net: NetName=NetU5_6 Pin=U6-4
Added Pin To Net: NetName=NetU6_3 Pin=U6-5
Added Pin To Net: NetName=NetU4_8 Pin=U6-10
Change Net Name : Old Net Name=NetU5_8 New Net Name=NetU5_5
