Removed Pin From Net: NetName=45_UI_A Pin=*-1
Removed Pin From Net: NetName=45_UI_B Pin=*-2
Removed Pin From Net: NetName=45_UI_C Pin=*-3
Removed Pin From Net: NetName=45_UI_D Pin=*-4
Removed Pin From Net: NetName=VCC Pin=*-5
Removed Pin From Net: NetName=14_UI_A Pin=*-6
Removed Pin From Net: NetName=14_UI_B Pin=*-7
Removed Pin From Net: NetName=14_UI_C Pin=*-8
Removed Pin From Net: NetName=14_UI_D Pin=*-9
Removed Pin From Net: NetName=VCC Pin=*-10
Removed Pin From Net: NetName=GND Pin=*-11
Removed Pin From Net: NetName=GND Pin=*-12
Removed Pin From Net: NetName=GND Pin=*-13
Removed Pin From Net: NetName=GND Pin=*-14
Removed Pin From Net: NetName=GND Pin=*-15
Added Pin To Net: NetName=14_UI_A Pin=*-1
Added Pin To Net: NetName=45_UI_A Pin=*-2
Added Pin To Net: NetName=14_UI_B Pin=*-3
Added Pin To Net: NetName=45_UI_B Pin=*-4
Added Pin To Net: NetName=14_UI_C Pin=*-5
Added Pin To Net: NetName=45_UI_C Pin=*-6
Added Pin To Net: NetName=14_UI_D Pin=*-7
Added Pin To Net: NetName=45_UI_D Pin=*-8
