Change Component Designator: OldDesignator=J? NewDesignator=J2
Change Component Designator: OldDesignator=J? NewDesignator=J4
Added Component: Designator=J1(KLD-0202)
Added Component: Designator=J3(DSUB1.385-2H9)
Added Component: Designator=J5(DSUB1.385-2H9)
Added Component: Designator=J6(DSUB1.385-2H9)
Added Component: Designator=J7(DSUB1.385-2H9)
Added Component: Designator=J8(RCA/4.5-H2)
Added Component: Designator=R1_LPC1343_A(J1-0603)
Added Component: Designator=R1_LPC1343_B(J1-0603)
Added Component: Designator=R1_LPC1343_C(J1-0603)
Added Component: Designator=R1_LPC1343_D(J1-0603)
Added Component: Designator=R1_LPC1343_E(J1-0603)
Added Component: Designator=R1_LPC1343_F(J1-0603)
Added Component: Designator=R1_LPC1343_G(J1-0603)
Added Component: Designator=R1_LPC1343_H(J1-0603)
Added Component: Designator=R1_LPC1343_UC(J1-0603)
Added Component: Designator=R2_LPC1343_A(J1-0603)
Added Component: Designator=R2_LPC1343_B(J1-0603)
Added Component: Designator=R2_LPC1343_C(J1-0603)
Added Component: Designator=R2_LPC1343_D(J1-0603)
Added Component: Designator=R2_LPC1343_E(J1-0603)
Added Component: Designator=R2_LPC1343_F(J1-0603)
Added Component: Designator=R2_LPC1343_G(J1-0603)
Added Component: Designator=R2_LPC1343_H(J1-0603)
Added Component: Designator=R2_LPC1343_UC(J1-0603)
Added Component: Designator=R3_LPC1343_A(J1-0603)
Added Component: Designator=R3_LPC1343_B(J1-0603)
Added Component: Designator=R3_LPC1343_C(J1-0603)
Added Component: Designator=R3_LPC1343_D(J1-0603)
Added Component: Designator=R3_LPC1343_E(J1-0603)
Added Component: Designator=R3_LPC1343_F(J1-0603)
Added Component: Designator=R3_LPC1343_G(J1-0603)
Added Component: Designator=R3_LPC1343_H(J1-0603)
Added Component: Designator=R3_LPC1343_UC(J1-0603)
Added Component: Designator=R4_LPC1343_A(J1-0603)
Added Component: Designator=R4_LPC1343_B(J1-0603)
Added Component: Designator=R4_LPC1343_C(J1-0603)
Added Component: Designator=R4_LPC1343_D(J1-0603)
Added Component: Designator=R4_LPC1343_E(J1-0603)
Added Component: Designator=R4_LPC1343_F(J1-0603)
Added Component: Designator=R4_LPC1343_G(J1-0603)
Added Component: Designator=R4_LPC1343_H(J1-0603)
Added Component: Designator=R4_LPC1343_UC(J1-0603)
Added Component: Designator=R5_LPC1343_A(J1-0603)
Added Component: Designator=R5_LPC1343_B(J1-0603)
Added Component: Designator=R5_LPC1343_C(J1-0603)
Added Component: Designator=R5_LPC1343_D(J1-0603)
Added Component: Designator=R5_LPC1343_E(J1-0603)
Added Component: Designator=R5_LPC1343_F(J1-0603)
Added Component: Designator=R5_LPC1343_G(J1-0603)
Added Component: Designator=R5_LPC1343_H(J1-0603)
Added Component: Designator=R5_LPC1343_UC(J1-0603)
Added Component: Designator=R6_LPC1343_A(J1-0603)
Added Component: Designator=R6_LPC1343_B(J1-0603)
Added Component: Designator=R6_LPC1343_C(J1-0603)
Added Component: Designator=R6_LPC1343_D(J1-0603)
Added Component: Designator=R6_LPC1343_E(J1-0603)
Added Component: Designator=R6_LPC1343_F(J1-0603)
Added Component: Designator=R6_LPC1343_G(J1-0603)
Added Component: Designator=R6_LPC1343_H(J1-0603)
Added Component: Designator=R6_LPC1343_UC(J1-0603)
Added Component: Designator=R7_LPC1343_A(J1-0603)
Added Component: Designator=R7_LPC1343_B(J1-0603)
Added Component: Designator=R7_LPC1343_C(J1-0603)
Added Component: Designator=R7_LPC1343_D(J1-0603)
Added Component: Designator=R7_LPC1343_E(J1-0603)
Added Component: Designator=R7_LPC1343_F(J1-0603)
Added Component: Designator=R7_LPC1343_G(J1-0603)
Added Component: Designator=R7_LPC1343_H(J1-0603)
Added Component: Designator=R7_LPC1343_UC(J1-0603)
Added Component: Designator=R8_LPC1343_A(J1-0603)
Added Component: Designator=R8_LPC1343_B(J1-0603)
Added Component: Designator=R8_LPC1343_C(J1-0603)
Added Component: Designator=R8_LPC1343_D(J1-0603)
Added Component: Designator=R8_LPC1343_E(J1-0603)
Added Component: Designator=R8_LPC1343_F(J1-0603)
Added Component: Designator=R8_LPC1343_G(J1-0603)
Added Component: Designator=R8_LPC1343_H(J1-0603)
Added Component: Designator=R8_LPC1343_UC(J1-0603)
Added Pin To Net: NetName=1_LPC1343_A Pin=J2-6
Added Pin To Net: NetName=12_LPC1343_A Pin=R1_LPC1343_A-1
Added Pin To Net: NetName=28_LPC1343_A Pin=R1_LPC1343_A-2
Added Pin To Net: NetName=12_LPC1343_B Pin=R1_LPC1343_B-1
Added Pin To Net: NetName=28_LPC1343_A Pin=R1_LPC1343_B-2
Added Pin To Net: NetName=12_LPC1343_C Pin=R1_LPC1343_C-1
Added Pin To Net: NetName=28_LPC1343_A Pin=R1_LPC1343_C-2
Added Pin To Net: NetName=12_LPC1343_D Pin=R1_LPC1343_D-1
Added Pin To Net: NetName=28_LPC1343_A Pin=R1_LPC1343_D-2
Added Pin To Net: NetName=12_LPC1343_E Pin=R1_LPC1343_E-1
Added Pin To Net: NetName=28_LPC1343_A Pin=R1_LPC1343_E-2
Added Pin To Net: NetName=12_LPC1343_F Pin=R1_LPC1343_F-1
Added Pin To Net: NetName=28_LPC1343_A Pin=R1_LPC1343_F-2
Added Pin To Net: NetName=12_LPC1343_G Pin=R1_LPC1343_G-1
Added Pin To Net: NetName=28_LPC1343_A Pin=R1_LPC1343_G-2
Added Pin To Net: NetName=12_LPC1343_H Pin=R1_LPC1343_H-1
Added Pin To Net: NetName=28_LPC1343_A Pin=R1_LPC1343_H-2
Added Pin To Net: NetName=12_LPC1343_UC Pin=R1_LPC1343_UC-1
Added Pin To Net: NetName=28_LPC1343_A Pin=R1_LPC1343_UC-2
Added Pin To Net: NetName=13_LPC1343_A Pin=R2_LPC1343_A-1
Added Pin To Net: NetName=28_LPC1343_A Pin=R2_LPC1343_A-2
Added Pin To Net: NetName=13_LPC1343_B Pin=R2_LPC1343_B-1
Added Pin To Net: NetName=28_LPC1343_A Pin=R2_LPC1343_B-2
Added Pin To Net: NetName=13_LPC1343_C Pin=R2_LPC1343_C-1
Added Pin To Net: NetName=28_LPC1343_A Pin=R2_LPC1343_C-2
Added Pin To Net: NetName=13_LPC1343_D Pin=R2_LPC1343_D-1
Added Pin To Net: NetName=28_LPC1343_A Pin=R2_LPC1343_D-2
Added Pin To Net: NetName=13_LPC1343_E Pin=R2_LPC1343_E-1
Added Pin To Net: NetName=28_LPC1343_A Pin=R2_LPC1343_E-2
Added Pin To Net: NetName=13_LPC1343_F Pin=R2_LPC1343_F-1
Added Pin To Net: NetName=28_LPC1343_A Pin=R2_LPC1343_F-2
Added Pin To Net: NetName=13_LPC1343_G Pin=R2_LPC1343_G-1
Added Pin To Net: NetName=28_LPC1343_A Pin=R2_LPC1343_G-2
Added Pin To Net: NetName=13_LPC1343_H Pin=R2_LPC1343_H-1
Added Pin To Net: NetName=28_LPC1343_A Pin=R2_LPC1343_H-2
Added Pin To Net: NetName=13_LPC1343_UC Pin=R2_LPC1343_UC-1
Added Pin To Net: NetName=28_LPC1343_A Pin=R2_LPC1343_UC-2
Added Pin To Net: NetName=14_LPC1343_A Pin=R3_LPC1343_A-1
Added Pin To Net: NetName=28_LPC1343_A Pin=R3_LPC1343_A-2
Added Pin To Net: NetName=14_LPC1343_B Pin=R3_LPC1343_B-1
Added Pin To Net: NetName=28_LPC1343_A Pin=R3_LPC1343_B-2
Added Pin To Net: NetName=14_LPC1343_C Pin=R3_LPC1343_C-1
Added Pin To Net: NetName=28_LPC1343_A Pin=R3_LPC1343_C-2
Added Pin To Net: NetName=14_LPC1343_D Pin=R3_LPC1343_D-1
Added Pin To Net: NetName=28_LPC1343_A Pin=R3_LPC1343_D-2
Added Pin To Net: NetName=14_LPC1343_E Pin=R3_LPC1343_E-1
Added Pin To Net: NetName=28_LPC1343_A Pin=R3_LPC1343_E-2
Added Pin To Net: NetName=14_LPC1343_F Pin=R3_LPC1343_F-1
Added Pin To Net: NetName=28_LPC1343_A Pin=R3_LPC1343_F-2
Added Pin To Net: NetName=14_LPC1343_G Pin=R3_LPC1343_G-1
Added Pin To Net: NetName=28_LPC1343_A Pin=R3_LPC1343_G-2
Added Pin To Net: NetName=14_LPC1343_H Pin=R3_LPC1343_H-1
Added Pin To Net: NetName=28_LPC1343_A Pin=R3_LPC1343_H-2
Added Pin To Net: NetName=14_LPC1343_UC Pin=R3_LPC1343_UC-1
Added Pin To Net: NetName=28_LPC1343_A Pin=R3_LPC1343_UC-2
Added Pin To Net: NetName=45_LPC1343_A Pin=R4_LPC1343_A-1
Added Pin To Net: NetName=28_LPC1343_A Pin=R4_LPC1343_A-2
Added Pin To Net: NetName=45_LPC1343_B Pin=R4_LPC1343_B-1
Added Pin To Net: NetName=28_LPC1343_A Pin=R4_LPC1343_B-2
Added Pin To Net: NetName=45_LPC1343_C Pin=R4_LPC1343_C-1
Added Pin To Net: NetName=28_LPC1343_A Pin=R4_LPC1343_C-2
Added Pin To Net: NetName=45_LPC1343_D Pin=R4_LPC1343_D-1
Added Pin To Net: NetName=28_LPC1343_A Pin=R4_LPC1343_D-2
Added Pin To Net: NetName=45_LPC1343_E Pin=R4_LPC1343_E-1
Added Pin To Net: NetName=28_LPC1343_A Pin=R4_LPC1343_E-2
Added Pin To Net: NetName=45_LPC1343_F Pin=R4_LPC1343_F-1
Added Pin To Net: NetName=28_LPC1343_A Pin=R4_LPC1343_F-2
Added Pin To Net: NetName=45_LPC1343_G Pin=R4_LPC1343_G-1
Added Pin To Net: NetName=28_LPC1343_A Pin=R4_LPC1343_G-2
Added Pin To Net: NetName=45_LPC1343_H Pin=R4_LPC1343_H-1
Added Pin To Net: NetName=28_LPC1343_A Pin=R4_LPC1343_H-2
Added Pin To Net: NetName=45_LPC1343_UC Pin=R4_LPC1343_UC-1
Added Pin To Net: NetName=28_LPC1343_A Pin=R4_LPC1343_UC-2
Added Pin To Net: NetName=46_LPC1343_A Pin=R5_LPC1343_A-1
Added Pin To Net: NetName=28_LPC1343_A Pin=R5_LPC1343_A-2
Added Pin To Net: NetName=46_LPC1343_B Pin=R5_LPC1343_B-1
Added Pin To Net: NetName=28_LPC1343_A Pin=R5_LPC1343_B-2
Added Pin To Net: NetName=46_LPC1343_C Pin=R5_LPC1343_C-1
Added Pin To Net: NetName=28_LPC1343_A Pin=R5_LPC1343_C-2
Added Pin To Net: NetName=46_LPC1343_D Pin=R5_LPC1343_D-1
Added Pin To Net: NetName=28_LPC1343_A Pin=R5_LPC1343_D-2
Added Pin To Net: NetName=46_LPC1343_E Pin=R5_LPC1343_E-1
Added Pin To Net: NetName=28_LPC1343_A Pin=R5_LPC1343_E-2
Added Pin To Net: NetName=46_LPC1343_F Pin=R5_LPC1343_F-1
Added Pin To Net: NetName=28_LPC1343_A Pin=R5_LPC1343_F-2
Added Pin To Net: NetName=46_LPC1343_G Pin=R5_LPC1343_G-1
Added Pin To Net: NetName=28_LPC1343_A Pin=R5_LPC1343_G-2
Added Pin To Net: NetName=46_LPC1343_H Pin=R5_LPC1343_H-1
Added Pin To Net: NetName=28_LPC1343_A Pin=R5_LPC1343_H-2
Added Pin To Net: NetName=46_LPC1343_UC Pin=R5_LPC1343_UC-1
Added Pin To Net: NetName=28_LPC1343_A Pin=R5_LPC1343_UC-2
Added Pin To Net: NetName=47_LPC1343_A Pin=R6_LPC1343_A-1
Added Pin To Net: NetName=28_LPC1343_A Pin=R6_LPC1343_A-2
Added Pin To Net: NetName=47_LPC1343_B Pin=R6_LPC1343_B-1
Added Pin To Net: NetName=28_LPC1343_A Pin=R6_LPC1343_B-2
Added Pin To Net: NetName=47_LPC1343_C Pin=R6_LPC1343_C-1
Added Pin To Net: NetName=28_LPC1343_A Pin=R6_LPC1343_C-2
Added Pin To Net: NetName=47_LPC1343_D Pin=R6_LPC1343_D-1
Added Pin To Net: NetName=28_LPC1343_A Pin=R6_LPC1343_D-2
Added Pin To Net: NetName=47_LPC1343_E Pin=R6_LPC1343_E-1
Added Pin To Net: NetName=28_LPC1343_A Pin=R6_LPC1343_E-2
Added Pin To Net: NetName=47_LPC1343_F Pin=R6_LPC1343_F-1
Added Pin To Net: NetName=28_LPC1343_A Pin=R6_LPC1343_F-2
Added Pin To Net: NetName=47_LPC1343_G Pin=R6_LPC1343_G-1
Added Pin To Net: NetName=28_LPC1343_A Pin=R6_LPC1343_G-2
Added Pin To Net: NetName=47_LPC1343_H Pin=R6_LPC1343_H-1
Added Pin To Net: NetName=28_LPC1343_A Pin=R6_LPC1343_H-2
Added Pin To Net: NetName=47_LPC1343_UC Pin=R6_LPC1343_UC-1
Added Pin To Net: NetName=28_LPC1343_A Pin=R6_LPC1343_UC-2
Added Pin To Net: NetName=48_LPC1343_A Pin=R7_LPC1343_A-1
Added Pin To Net: NetName=28_LPC1343_A Pin=R7_LPC1343_A-2
Added Pin To Net: NetName=48_LPC1343_B Pin=R7_LPC1343_B-1
Added Pin To Net: NetName=28_LPC1343_A Pin=R7_LPC1343_B-2
Added Pin To Net: NetName=48_LPC1343_C Pin=R7_LPC1343_C-1
Added Pin To Net: NetName=28_LPC1343_A Pin=R7_LPC1343_C-2
Added Pin To Net: NetName=48_LPC1343_D Pin=R7_LPC1343_D-1
Added Pin To Net: NetName=28_LPC1343_A Pin=R7_LPC1343_D-2
Added Pin To Net: NetName=48_LPC1343_E Pin=R7_LPC1343_E-1
Added Pin To Net: NetName=28_LPC1343_A Pin=R7_LPC1343_E-2
Added Pin To Net: NetName=48_LPC1343_F Pin=R7_LPC1343_F-1
Added Pin To Net: NetName=28_LPC1343_A Pin=R7_LPC1343_F-2
Added Pin To Net: NetName=48_LPC1343_G Pin=R7_LPC1343_G-1
Added Pin To Net: NetName=28_LPC1343_A Pin=R7_LPC1343_G-2
Added Pin To Net: NetName=48_LPC1343_H Pin=R7_LPC1343_H-1
Added Pin To Net: NetName=28_LPC1343_A Pin=R7_LPC1343_H-2
Added Pin To Net: NetName=48_LPC1343_UC Pin=R7_LPC1343_UC-1
Added Pin To Net: NetName=28_LPC1343_A Pin=R7_LPC1343_UC-2
Added Pin To Net: NetName=49_LPC1343_A Pin=R8_LPC1343_A-1
Added Pin To Net: NetName=49_LPC1343_B Pin=R8_LPC1343_B-1
Added Pin To Net: NetName=49_LPC1343_C Pin=R8_LPC1343_C-1
Added Pin To Net: NetName=49_LPC1343_D Pin=R8_LPC1343_D-1
Added Pin To Net: NetName=49_LPC1343_E Pin=R8_LPC1343_E-1
Added Pin To Net: NetName=49_LPC1343_F Pin=R8_LPC1343_F-1
Added Pin To Net: NetName=49_LPC1343_G Pin=R8_LPC1343_G-1
Added Pin To Net: NetName=49_LPC1343_H Pin=R8_LPC1343_H-1
Added Pin To Net: NetName=49_LPC1343_UC Pin=R8_LPC1343_UC-1
Added Pin To Net: NetName=NetJ1_1 Pin=J1-1
Added Pin To Net: NetName=NetJ1_1 Pin=J1-1A
Added Pin To Net: NetName=NetJ1_1 Pin=J1-1B
Added Net: Name=NetJ1_1
Added Pin To Net: NetName=NetJ1_2 Pin=J1-2
Added Pin To Net: NetName=NetJ1_2 Pin=J1-2A
Added Pin To Net: NetName=NetJ1_2 Pin=J1-2B
Added Net: Name=NetJ1_2
Added Pin To Net: NetName=NetJ1_3 Pin=J1-3
Added Pin To Net: NetName=NetJ1_3 Pin=J1-3A
Added Pin To Net: NetName=NetJ1_3 Pin=J1-3B
Added Net: Name=NetJ1_3
Added Member To Class: ClassName=placa_madre Member=Component J1 PWR2.5
Added Member To Class: ClassName=placa_madre Member=Component J2 1-1470156-2
Added Member To Class: ClassName=placa_madre Member=Component J3 D Connector 9
Added Member To Class: ClassName=placa_madre Member=Component J5 D Connector 9
Added Member To Class: ClassName=placa_madre Member=Component J6 D Connector 9
Added Member To Class: ClassName=placa_madre Member=Component J7 D Connector 9
Added Member To Class: ClassName=placa_madre Member=Component J8 RCA
Added Member To Class: ClassName=LPC1343_A Member=Component R1_LPC1343_A (R1) Res3
Added Member To Class: ClassName=LPC1343_B Member=Component R1_LPC1343_B (R1) Res3
Added Member To Class: ClassName=LPC1343_C Member=Component R1_LPC1343_C (R1) Res3
Added Member To Class: ClassName=LPC1343_D Member=Component R1_LPC1343_D (R1) Res3
Added Member To Class: ClassName=LPC1343_E Member=Component R1_LPC1343_E (R1) Res3
Added Member To Class: ClassName=LPC1343_F Member=Component R1_LPC1343_F (R1) Res3
Added Member To Class: ClassName=LPC1343_G Member=Component R1_LPC1343_G (R1) Res3
Added Member To Class: ClassName=LPC1343_H Member=Component R1_LPC1343_H (R1) Res3
Added Member To Class: ClassName=LPC1343_UC Member=Component R1_LPC1343_UC (R1) Res3
Added Member To Class: ClassName=LPC1343_A Member=Component R2_LPC1343_A (R2) Res3
Added Member To Class: ClassName=LPC1343_B Member=Component R2_LPC1343_B (R2) Res3
Added Member To Class: ClassName=LPC1343_C Member=Component R2_LPC1343_C (R2) Res3
Added Member To Class: ClassName=LPC1343_D Member=Component R2_LPC1343_D (R2) Res3
Added Member To Class: ClassName=LPC1343_E Member=Component R2_LPC1343_E (R2) Res3
Added Member To Class: ClassName=LPC1343_F Member=Component R2_LPC1343_F (R2) Res3
Added Member To Class: ClassName=LPC1343_G Member=Component R2_LPC1343_G (R2) Res3
Added Member To Class: ClassName=LPC1343_H Member=Component R2_LPC1343_H (R2) Res3
Added Member To Class: ClassName=LPC1343_UC Member=Component R2_LPC1343_UC (R2) Res3
Added Member To Class: ClassName=LPC1343_A Member=Component R3_LPC1343_A (R3) Res3
Added Member To Class: ClassName=LPC1343_B Member=Component R3_LPC1343_B (R3) Res3
Added Member To Class: ClassName=LPC1343_C Member=Component R3_LPC1343_C (R3) Res3
Added Member To Class: ClassName=LPC1343_D Member=Component R3_LPC1343_D (R3) Res3
Added Member To Class: ClassName=LPC1343_E Member=Component R3_LPC1343_E (R3) Res3
Added Member To Class: ClassName=LPC1343_F Member=Component R3_LPC1343_F (R3) Res3
Added Member To Class: ClassName=LPC1343_G Member=Component R3_LPC1343_G (R3) Res3
Added Member To Class: ClassName=LPC1343_H Member=Component R3_LPC1343_H (R3) Res3
Added Member To Class: ClassName=LPC1343_UC Member=Component R3_LPC1343_UC (R3) Res3
Added Member To Class: ClassName=LPC1343_A Member=Component R4_LPC1343_A (R4) Res3
Added Member To Class: ClassName=LPC1343_B Member=Component R4_LPC1343_B (R4) Res3
Added Member To Class: ClassName=LPC1343_C Member=Component R4_LPC1343_C (R4) Res3
Added Member To Class: ClassName=LPC1343_D Member=Component R4_LPC1343_D (R4) Res3
Added Member To Class: ClassName=LPC1343_E Member=Component R4_LPC1343_E (R4) Res3
Added Member To Class: ClassName=LPC1343_F Member=Component R4_LPC1343_F (R4) Res3
Added Member To Class: ClassName=LPC1343_G Member=Component R4_LPC1343_G (R4) Res3
Added Member To Class: ClassName=LPC1343_H Member=Component R4_LPC1343_H (R4) Res3
Added Member To Class: ClassName=LPC1343_UC Member=Component R4_LPC1343_UC (R4) Res3
Added Member To Class: ClassName=LPC1343_A Member=Component R5_LPC1343_A (R5) Res3
Added Member To Class: ClassName=LPC1343_B Member=Component R5_LPC1343_B (R5) Res3
Added Member To Class: ClassName=LPC1343_C Member=Component R5_LPC1343_C (R5) Res3
Added Member To Class: ClassName=LPC1343_D Member=Component R5_LPC1343_D (R5) Res3
Added Member To Class: ClassName=LPC1343_E Member=Component R5_LPC1343_E (R5) Res3
Added Member To Class: ClassName=LPC1343_F Member=Component R5_LPC1343_F (R5) Res3
Added Member To Class: ClassName=LPC1343_G Member=Component R5_LPC1343_G (R5) Res3
Added Member To Class: ClassName=LPC1343_H Member=Component R5_LPC1343_H (R5) Res3
Added Member To Class: ClassName=LPC1343_UC Member=Component R5_LPC1343_UC (R5) Res3
Added Member To Class: ClassName=LPC1343_A Member=Component R6_LPC1343_A (R6) Res3
Added Member To Class: ClassName=LPC1343_B Member=Component R6_LPC1343_B (R6) Res3
Added Member To Class: ClassName=LPC1343_C Member=Component R6_LPC1343_C (R6) Res3
Added Member To Class: ClassName=LPC1343_D Member=Component R6_LPC1343_D (R6) Res3
Added Member To Class: ClassName=LPC1343_E Member=Component R6_LPC1343_E (R6) Res3
Added Member To Class: ClassName=LPC1343_F Member=Component R6_LPC1343_F (R6) Res3
Added Member To Class: ClassName=LPC1343_G Member=Component R6_LPC1343_G (R6) Res3
Added Member To Class: ClassName=LPC1343_H Member=Component R6_LPC1343_H (R6) Res3
Added Member To Class: ClassName=LPC1343_UC Member=Component R6_LPC1343_UC (R6) Res3
Added Member To Class: ClassName=LPC1343_A Member=Component R7_LPC1343_A (R7) Res3
Added Member To Class: ClassName=LPC1343_B Member=Component R7_LPC1343_B (R7) Res3
Added Member To Class: ClassName=LPC1343_C Member=Component R7_LPC1343_C (R7) Res3
Added Member To Class: ClassName=LPC1343_D Member=Component R7_LPC1343_D (R7) Res3
Added Member To Class: ClassName=LPC1343_E Member=Component R7_LPC1343_E (R7) Res3
Added Member To Class: ClassName=LPC1343_F Member=Component R7_LPC1343_F (R7) Res3
Added Member To Class: ClassName=LPC1343_G Member=Component R7_LPC1343_G (R7) Res3
Added Member To Class: ClassName=LPC1343_H Member=Component R7_LPC1343_H (R7) Res3
Added Member To Class: ClassName=LPC1343_UC Member=Component R7_LPC1343_UC (R7) Res3
Added Member To Class: ClassName=LPC1343_A Member=Component R8_LPC1343_A (R8) Res3
Added Member To Class: ClassName=LPC1343_B Member=Component R8_LPC1343_B (R8) Res3
Added Member To Class: ClassName=LPC1343_C Member=Component R8_LPC1343_C (R8) Res3
Added Member To Class: ClassName=LPC1343_D Member=Component R8_LPC1343_D (R8) Res3
Added Member To Class: ClassName=LPC1343_E Member=Component R8_LPC1343_E (R8) Res3
Added Member To Class: ClassName=LPC1343_F Member=Component R8_LPC1343_F (R8) Res3
Added Member To Class: ClassName=LPC1343_G Member=Component R8_LPC1343_G (R8) Res3
Added Member To Class: ClassName=LPC1343_H Member=Component R8_LPC1343_H (R8) Res3
Added Member To Class: ClassName=LPC1343_UC Member=Component R8_LPC1343_UC (R8) Res3
