Removed Pin From Net: NetName=Q_6 Pin=U4-1
Removed Pin From Net: NetName=Q_7 Pin=U4-2
Removed Pin From Net: NetName=Q_4 Pin=U4-4
Removed Pin From Net: NetName=Q_5 Pin=U4-5
Removed Pin From Net: NetName=Q_2 Pin=U4-9
Removed Pin From Net: NetName=Q_3 Pin=U4-10
Removed Pin From Net: NetName=Q_0 Pin=U4-12
Removed Pin From Net: NetName=Q_1 Pin=U4-13
Removed Pin From Net: NetName=Q_8 Pin=U5-1
Removed Pin From Net: NetName=Q_9 Pin=U5-2
Removed Pin From Net: NetName=NetU5_3 Pin=U5-4
Removed Pin From Net: NetName=NetU4_6 Pin=U5-9
Removed Pin From Net: NetName=NetU4_3 Pin=U5-10
Removed Pin From Net: NetName=NetU4_11 Pin=U6-1
Removed Pin From Net: NetName=NetU4_8 Pin=U6-2
Removed Pin From Net: NetName=NetU5_6 Pin=U6-4
Removed Pin From Net: NetName=VCC Pin=U6-5
Removed Pin From Net: NetName=NetU6_3 Pin=U6-9
Removed Pin From Net: NetName=NetU5_8 Pin=U6-10
Removed Pin From Net: NetName=NetU6_6 Pin=U6-13
Change Component Footprint: Designator=U4 Old Footprint=CDIP14 New Footprint=D014_N
Change Component Footprint: Designator=U5 Old Footprint=CDIP14 New Footprint=D014_N
Change Component Footprint: Designator=U7 Old Footprint=MP04A_N New Footprint=D014_N
Change Component Comment : Designator=U7 Old Comment=LM3940IMP-3.3 New Comment=SN74F08D
Change Component Comment : Designator=U5 Old Comment=M54HCT08F1R New Comment=SN74F08D
Change Component Comment : Designator=U4 Old Comment=M54HCT08F1R New Comment=SN74F08D
Added Component: Designator=cal(MCX5.08-H5)
Added Component: Designator=W1(RAD-0.2)
Added Component: Designator=W2(RAD-0.2)
Added Pin To Net: NetName=GND Pin=cal-2
Added Pin To Net: NetName=GND Pin=cal-3
Added Pin To Net: NetName=GND Pin=cal-4
Added Pin To Net: NetName=GND Pin=cal-5
Added Pin To Net: NetName=Q_8 Pin=U4-1
Added Pin To Net: NetName=Q_9 Pin=U4-2
Added Pin To Net: NetName=Q_6 Pin=U4-4
Added Pin To Net: NetName=Q_7 Pin=U4-5
Added Pin To Net: NetName=Q_4 Pin=U4-9
Added Pin To Net: NetName=Q_5 Pin=U4-10
Added Pin To Net: NetName=Q_2 Pin=U4-12
Added Pin To Net: NetName=Q_3 Pin=U4-13
Added Pin To Net: NetName=Q_0 Pin=U5-1
Added Pin To Net: NetName=Q_1 Pin=U5-2
Added Pin To Net: NetName=NetU4_3 Pin=U5-4
Added Pin To Net: NetName=NetU4_8 Pin=U5-9
Added Pin To Net: NetName=NetU4_6 Pin=U5-10
Added Pin To Net: NetName=NetU5_3 Pin=U5-12
Added Pin To Net: NetName=NetU4_11 Pin=U5-13
Added Pin To Net: NetName=NetU5_6 Pin=U6-1
Added Pin To Net: NetName=VCC Pin=U6-2
Added Pin To Net: NetName=NetU5_8 Pin=U6-5
Added Pin To Net: NetName=NetU6_6 Pin=U6-9
Added Pin To Net: NetName=NetU6_3 Pin=U6-10
Added Pin To Net: NetName=VCC Pin=W2-1
Added Pin To Net: NetName=NetU5_11 Pin=U5-11
Added Pin To Net: NetName=NetU5_11 Pin=U6-4
Added Net: Name=NetU5_11
Added Pin To Net: NetName=NetU6_13 Pin=U6-13
Added Pin To Net: NetName=NetU6_13 Pin=W1-2
Added Pin To Net: NetName=NetU6_13 Pin=W2-2
Added Net: Name=NetU6_13
Added Pin To Net: NetName=TRIGGER_CAL Pin=cal-1
Added Net: Name=TRIGGER_CAL
Added Member To Class: ClassName=AND_5_Entradas Member=Component cal COAX-F
Added Member To Class: ClassName=AND_5_Entradas Member=Component W1 Jumper
Added Member To Class: ClassName=AND_5_Entradas Member=Component W2 Jumper
