Added Pin To Net: NetName=14_LPC1343_E Pin=J4-1
Added Pin To Net: NetName=14_LPC1343_F Pin=J4-2
Added Pin To Net: NetName=14_LPC1343_G Pin=J4-3
Added Pin To Net: NetName=14_LPC1343_H Pin=J4-4
Added Pin To Net: NetName=45_LPC1343_E Pin=J4-6
Added Pin To Net: NetName=45_LPC1343_F Pin=J4-7
Added Pin To Net: NetName=45_LPC1343_G Pin=J4-8
Added Pin To Net: NetName=45_LPC1343_H Pin=J4-9
Added Pin To Net: NetName=46_LPC1343_A Pin=J5-1
Added Pin To Net: NetName=46_LPC1343_B Pin=J5-2
Added Pin To Net: NetName=46_LPC1343_C Pin=J5-3
Added Pin To Net: NetName=46_LPC1343_D Pin=J5-4
Added Pin To Net: NetName=47_LPC1343_A Pin=J5-6
Added Pin To Net: NetName=47_LPC1343_B Pin=J5-7
Added Pin To Net: NetName=47_LPC1343_C Pin=J5-8
Added Pin To Net: NetName=47_LPC1343_D Pin=J5-9
Added Pin To Net: NetName=46_LPC1343_E Pin=J6-1
Added Pin To Net: NetName=46_LPC1343_F Pin=J6-2
Added Pin To Net: NetName=46_LPC1343_G Pin=J6-3
Added Pin To Net: NetName=46_LPC1343_H Pin=J6-4
Added Pin To Net: NetName=47_LPC1343_E Pin=J6-6
Added Pin To Net: NetName=47_LPC1343_F Pin=J6-7
Added Pin To Net: NetName=47_LPC1343_G Pin=J6-8
Added Pin To Net: NetName=47_LPC1343_H Pin=J6-9
