23 nov 2011 06:04:18 p.m. - <0> - Report created.
23 nov 2011 06:04:18 p.m. - <2> - Initialize posting log file
23 nov 2011 06:04:18 p.m. - <2> - Using MP run version 11.00 and post components version 10.00
23 nov 2011 06:04:18 p.m. - <2> - Initiate opening the post processor file(s).
23 nov 2011 06:04:18 p.m. - <2> - Post processor file name: C:\MCAMX\MILL\POSTS\MPFAN.PST
23 nov 2011 06:04:18 p.m. - <2> - The post processor file has been successfully opened.
23 nov 2011 06:04:18 p.m. - <2> - Post version information (input):
23 nov 2011 06:04:18 p.m. - <2> - UPDATEPOST Version 11. was used to modify this file.
23 nov 2011 06:04:18 p.m. - <2> - The file was modified by this product on 13 jul 05 10:05:27
23 nov 2011 06:04:18 p.m. - <2> - The post was written to run with Mastercam Version 11.
23 nov 2011 06:04:18 p.m. - <2> - The post product type is Mill.
23 nov 2011 06:04:19 p.m. - <2> - Initialization of pre-defined post variables, strings, postblocks was successful.
23 nov 2011 06:04:19 p.m. - <2> - Search for defined post variables, strings, postblocks was successful.
23 nov 2011 06:04:19 p.m. - <2> - CONTROL DEFINITION - - Post variable 'err_file$' was re-initialized from 0. to 1.
23 nov 2011 06:04:19 p.m. - <2> - CONTROL DEFINITION - - Post variable 'dec_seq_right$' was re-initialized from 3. to 0.
23 nov 2011 06:04:19 p.m. - <2> - CONTROL DEFINITION - - Post variable 'omitseq$' was re-initialized from 1. to 0.
23 nov 2011 06:04:19 p.m. - <2> - CONTROL DEFINITION - - Post variable 'sub_seq_typ$' was re-initialized from 0. to 1.
23 nov 2011 06:04:19 p.m. - <2> - CONTROL DEFINITION - - Post variable 'tplanemode$' was re-initialized from 2. to 0.
23 nov 2011 06:04:19 p.m. - <2> - CONTROL DEFINITION - - Post variable 'arctype$' was re-initialized from 2. to 5.
23 nov 2011 06:04:19 p.m. - <2> - CONTROL DEFINITION - - Post variable 'arctypexz$' was re-initialized from 2. to 5.
23 nov 2011 06:04:19 p.m. - <2> - CONTROL DEFINITION - - Post variable 'arctypeyz$' was re-initialized from 2. to 5.
23 nov 2011 06:04:19 p.m. - <2> - CONTROL DEFINITION - - Post variable 'larctype$' was re-initialized from 2. to 5.
23 nov 2011 06:04:19 p.m. - <2> - CONTROL DEFINITION - - Post variable 'larctypexz$' was re-initialized from 2. to 5.
23 nov 2011 06:04:19 p.m. - <2> - CONTROL DEFINITION - - Post variable 'larctypeyz$' was re-initialized from 2. to 5.
23 nov 2011 06:04:19 p.m. - <2> - CONTROL DEFINITION - - Post variable 'arccheck$' was re-initialized from 1. to 111.
23 nov 2011 06:04:19 p.m. - <2> - CONTROL DEFINITION - - Post variable 'larccheck$' was re-initialized from 1. to 111.
23 nov 2011 06:04:19 p.m. - <2> - CONTROL DEFINITION - - Post variable 'rotfeed4$' was re-initialized from 2. to 1.
23 nov 2011 06:04:19 p.m. - <2> - CONTROL DEFINITION - - Post variable 'rotfeed5$' was re-initialized from 3. to 1.
23 nov 2011 06:04:19 p.m. - <2> - CONTROL DEFINITION - - Post variable 'lrotfeed4$' was re-initialized from 2. to 1.
23 nov 2011 06:04:19 p.m. - <2> - CONTROL DEFINITION - - Post variable 'lrotfeed5$' was re-initialized from 0. to 1.
23 nov 2011 06:04:19 p.m. - <2> - CONTROL DEFINITION - - Post variable 'peckacel$' was re-initialized from 0. to 1.
23 nov 2011 06:04:19 p.m. - <2> - Successful completion of posting process!
